2022-11-20 08:19:15 [main] INFO  : Starting ResourceProcessorApplication using Java 11.0.16 on EPUZTASW007D with PID 11650 (/Users/Yusuf_Murodov/Local/epam/traning/microservices/resource-processor/build/classes/java/main started by Yusuf_Murodov in /Users/Yusuf_Murodov/Local/epam/traning/microservices/resource-processor)
2022-11-20 08:19:15 [main] DEBUG : Running with Spring Boot v2.7.4, Spring v5.3.23
2022-11-20 08:19:15 [main] INFO  : No active profile set, falling back to 1 default profile: "default"
2022-11-20 08:19:15 [main] DEBUG : Loading source class com.epam.training.microservicefoundation.resourceprocessor.ResourceProcessorApplication
2022-11-20 08:19:15 [main] DEBUG : Refreshing org.springframework.boot.web.reactive.context.AnnotationConfigReactiveWebServerApplicationContext@4097cac
2022-11-20 08:19:15 [main] DEBUG : Creating shared instance of singleton bean 'org.springframework.context.annotation.internalConfigurationAnnotationProcessor'
2022-11-20 08:19:15 [main] DEBUG : Creating shared instance of singleton bean 'org.springframework.boot.autoconfigure.internalCachingMetadataReaderFactory'
2022-11-20 08:19:15 [main] DEBUG : Identified candidate component class: file [/Users/Yusuf_Murodov/Local/epam/traning/microservices/resource-processor/build/classes/java/main/com/epam/training/microservicefoundation/resourceprocessor/configuration/KafkaConfiguration.class]
2022-11-20 08:19:15 [main] DEBUG : Identified candidate component class: file [/Users/Yusuf_Murodov/Local/epam/traning/microservices/resource-processor/build/classes/java/main/com/epam/training/microservicefoundation/resourceprocessor/configuration/ResourceServiceClientConfiguration.class]
2022-11-20 08:19:15 [main] DEBUG : Identified candidate component class: file [/Users/Yusuf_Murodov/Local/epam/traning/microservices/resource-processor/build/classes/java/main/com/epam/training/microservicefoundation/resourceprocessor/configuration/SongServiceClientConfiguration.class]
2022-11-20 08:19:15 [main] DEBUG : Identified candidate component class: file [/Users/Yusuf_Murodov/Local/epam/traning/microservices/resource-processor/build/classes/java/main/com/epam/training/microservicefoundation/resourceprocessor/service/KafkaManager.class]
2022-11-20 08:19:15 [main] DEBUG : Identified candidate component class: file [/Users/Yusuf_Murodov/Local/epam/traning/microservices/resource-processor/build/classes/java/main/com/epam/training/microservicefoundation/resourceprocessor/service/ResourceProcessorService.class]
2022-11-20 08:19:15 [main] DEBUG : Identified candidate component class: file [/Users/Yusuf_Murodov/Local/epam/traning/microservices/resource-processor/build/classes/java/main/com/epam/training/microservicefoundation/resourceprocessor/service/ResourceRecordValidator.class]
2022-11-20 08:19:15 [main] DEBUG : Creating shared instance of singleton bean 'propertySourcesPlaceholderConfigurer'
2022-11-20 08:19:15 [main] DEBUG : Creating shared instance of singleton bean 'org.springframework.boot.sql.init.dependency.DatabaseInitializationDependencyConfigurer$DependsOnDatabaseInitializationPostProcessor'
2022-11-20 08:19:15 [main] DEBUG : Creating shared instance of singleton bean 'org.springframework.context.event.internalEventListenerProcessor'
2022-11-20 08:19:15 [main] DEBUG : Creating shared instance of singleton bean 'forceAutoProxyCreatorToUseClassProxying'
2022-11-20 08:19:15 [main] DEBUG : Creating shared instance of singleton bean 'org.springframework.context.event.internalEventListenerFactory'
2022-11-20 08:19:15 [main] DEBUG : Creating shared instance of singleton bean 'org.springframework.context.annotation.internalAutowiredAnnotationProcessor'
2022-11-20 08:19:15 [main] DEBUG : Creating shared instance of singleton bean 'org.springframework.context.annotation.internalCommonAnnotationProcessor'
2022-11-20 08:19:15 [main] DEBUG : Creating shared instance of singleton bean 'org.springframework.boot.context.properties.ConfigurationPropertiesBindingPostProcessor'
2022-11-20 08:19:15 [main] DEBUG : Creating shared instance of singleton bean 'org.springframework.boot.context.internalConfigurationPropertiesBinder'
2022-11-20 08:19:15 [main] DEBUG : Creating shared instance of singleton bean 'org.springframework.boot.context.internalConfigurationPropertiesBinderFactory'
2022-11-20 08:19:15 [main] DEBUG : Creating shared instance of singleton bean 'org.springframework.kafka.config.internalKafkaListenerAnnotationProcessor'
2022-11-20 08:19:15 [main] DEBUG : Creating shared instance of singleton bean 'persistenceExceptionTranslationPostProcessor'
2022-11-20 08:19:15 [main] DEBUG : Autowiring by type from bean name 'persistenceExceptionTranslationPostProcessor' via factory method to bean named 'environment'
2022-11-20 08:19:15 [main] DEBUG : Creating shared instance of singleton bean 'org.springframework.aop.config.internalAutoProxyCreator'
2022-11-20 08:19:15 [main] DEBUG : Creating shared instance of singleton bean 'webServerFactoryCustomizerBeanPostProcessor'
2022-11-20 08:19:15 [main] DEBUG : Creating shared instance of singleton bean 'nettyReactiveWebServerFactory'
2022-11-20 08:19:15 [main] DEBUG : Creating shared instance of singleton bean 'org.springframework.boot.autoconfigure.web.reactive.ReactiveWebServerFactoryConfiguration$EmbeddedNetty'
2022-11-20 08:19:15 [main] DEBUG : Creating shared instance of singleton bean 'reactorServerResourceFactory'
2022-11-20 08:19:15 [main] DEBUG : Using Slf4j logging framework
2022-11-20 08:19:15 [main] DEBUG : Using SLF4J as the default logging framework
2022-11-20 08:19:15 [main] DEBUG : -Dio.netty.noUnsafe: false
2022-11-20 08:19:15 [main] DEBUG : Java version: 11
2022-11-20 08:19:15 [main] DEBUG : sun.misc.Unsafe.theUnsafe: available
2022-11-20 08:19:15 [main] DEBUG : sun.misc.Unsafe.copyMemory: available
2022-11-20 08:19:15 [main] DEBUG : sun.misc.Unsafe.storeFence: available
2022-11-20 08:19:15 [main] DEBUG : java.nio.Buffer.address: available
2022-11-20 08:19:15 [main] DEBUG : direct buffer constructor: unavailable: Reflective setAccessible(true) disabled
2022-11-20 08:19:15 [main] DEBUG : java.nio.Bits.unaligned: available, true
2022-11-20 08:19:15 [main] DEBUG : jdk.internal.misc.Unsafe.allocateUninitializedArray(int): unavailable: class io.netty.util.internal.PlatformDependent0$7 cannot access class jdk.internal.misc.Unsafe (in module java.base) because module java.base does not export jdk.internal.misc to unnamed module @7d0cc890
2022-11-20 08:19:15 [main] DEBUG : java.nio.DirectByteBuffer.<init>(long, int): unavailable
2022-11-20 08:19:15 [main] DEBUG : sun.misc.Unsafe: available
2022-11-20 08:19:15 [main] DEBUG : maxDirectMemory: 8589934592 bytes (maybe)
2022-11-20 08:19:15 [main] DEBUG : -Dio.netty.tmpdir: /var/folders/d6/pnxnxkwx6k78txwskn_k1n280000gn/T (java.io.tmpdir)
2022-11-20 08:19:15 [main] DEBUG : -Dio.netty.bitMode: 64 (sun.arch.data.model)
2022-11-20 08:19:15 [main] DEBUG : Platform: MacOS
2022-11-20 08:19:15 [main] DEBUG : -Dio.netty.maxDirectMemory: -1 bytes
2022-11-20 08:19:15 [main] DEBUG : -Dio.netty.uninitializedArrayAllocationThreshold: -1
2022-11-20 08:19:15 [main] DEBUG : java.nio.ByteBuffer.cleaner(): available
2022-11-20 08:19:15 [main] DEBUG : -Dio.netty.noPreferDirect: false
