2022-11-20 07:58:10 [org.springframework.kafka.KafkaListenerEndpointContainer#0-0-C-1] DEBUG : [Consumer clientId=consumer-resource-processor-1, groupId=resource-processor] Received FETCH response from node 1 for request with header RequestHeader(apiKey=FETCH, apiVersion=13, clientId=consumer-resource-processor-1, correlationId=594): FetchResponseData(throttleTimeMs=0, errorCode=0, sessionId=1674441333, responses=[])
2022-11-20 07:58:10 [org.springframework.kafka.KafkaListenerEndpointContainer#0-0-C-1] DEBUG : [Consumer clientId=consumer-resource-processor-1, groupId=resource-processor] Node 1 sent an incremental fetch response with throttleTimeMs = 0 for session 1674441333 with 0 response partition(s), 1 implied partition(s)
2022-11-20 07:58:10 [org.springframework.kafka.KafkaListenerEndpointContainer#0-0-C-1] DEBUG : [Consumer clientId=consumer-resource-processor-1, groupId=resource-processor] Added READ_COMMITTED fetch request for partition resources-0 at position FetchPosition{offset=10, offsetEpoch=Optional[24], currentLeader=LeaderAndEpoch{leader=Optional[192.168.1.104:9093 (id: 1 rack: null)], epoch=24}} to node 192.168.1.104:9093 (id: 1 rack: null)
2022-11-20 07:58:10 [org.springframework.kafka.KafkaListenerEndpointContainer#0-0-C-1] DEBUG : [Consumer clientId=consumer-resource-processor-1, groupId=resource-processor] Built incremental fetch (sessionId=1674441333, epoch=499) for node 1. Added 0 partition(s), altered 0 partition(s), removed 0 partition(s), replaced 0 partition(s) out of 1 partition(s)
2022-11-20 07:58:10 [org.springframework.kafka.KafkaListenerEndpointContainer#0-0-C-1] DEBUG : [Consumer clientId=consumer-resource-processor-1, groupId=resource-processor] Sending READ_COMMITTED IncrementalFetchRequest(toSend=(), toForget=(), toReplace=(), implied=(resources-0), canUseTopicIds=True) to broker 192.168.1.104:9093 (id: 1 rack: null)
2022-11-20 07:58:10 [org.springframework.kafka.KafkaListenerEndpointContainer#0-0-C-1] DEBUG : [Consumer clientId=consumer-resource-processor-1, groupId=resource-processor] Sending FETCH request with header RequestHeader(apiKey=FETCH, apiVersion=13, clientId=consumer-resource-processor-1, correlationId=595) and timeout 30000 to node 1: FetchRequestData(clusterId=null, replicaId=-1, maxWaitMs=500, minBytes=1, maxBytes=52428800, isolationLevel=1, sessionId=1674441333, sessionEpoch=499, topics=[], forgottenTopicsData=[], rackId='')
2022-11-20 07:58:10 [SpringApplicationShutdownHook] DEBUG : Application availability state ReadinessState changed from ACCEPTING_TRAFFIC to REFUSING_TRAFFIC
2022-11-20 07:58:10 [SpringApplicationShutdownHook] DEBUG : Closing org.springframework.boot.web.reactive.context.AnnotationConfigReactiveWebServerApplicationContext@4097cac, started on Sun Nov 20 07:53:49 UZT 2022
2022-11-20 07:58:10 [SpringApplicationShutdownHook] DEBUG : Stopping beans in phase 2147483647
2022-11-20 07:58:10 [SpringApplicationShutdownHook] DEBUG : Bean 'webServerGracefulShutdown' completed its stop procedure
2022-11-20 07:58:10 [SpringApplicationShutdownHook] DEBUG : Stopping beans in phase 2147483646
2022-11-20 07:58:10 [SpringApplicationShutdownHook] DEBUG : Bean 'webServerStartStop' completed its stop procedure
2022-11-20 07:58:10 [SpringApplicationShutdownHook] DEBUG : Stopping beans in phase 2147483547
2022-11-20 07:58:10 [SpringApplicationShutdownHook] DEBUG : [Consumer clientId=consumer-resource-processor-1, groupId=resource-processor] Received user wakeup
2022-11-20 07:58:10 [org.springframework.kafka.KafkaListenerEndpointContainer#0-0-C-1] DEBUG : [Consumer clientId=consumer-resource-processor-1, groupId=resource-processor] Raising WakeupException in response to user wakeup
2022-11-20 07:58:10 [SpringApplicationShutdownHook] DEBUG : [Consumer clientId=consumer-resource-processor-2, groupId=resource-processor] Received user wakeup
2022-11-20 07:58:10 [SpringApplicationShutdownHook] DEBUG : [Consumer clientId=consumer-resource-processor-3, groupId=resource-processor] Received user wakeup
2022-11-20 07:58:10 [org.springframework.kafka.KafkaListenerEndpointContainer#0-1-C-1] DEBUG : [Consumer clientId=consumer-resource-processor-2, groupId=resource-processor] Raising WakeupException in response to user wakeup
2022-11-20 07:58:10 [org.springframework.kafka.KafkaListenerEndpointContainer#0-2-C-1] DEBUG : [Consumer clientId=consumer-resource-processor-3, groupId=resource-processor] Raising WakeupException in response to user wakeup
2022-11-20 07:58:10 [org.springframework.kafka.KafkaListenerEndpointContainer#0-1-C-1] DEBUG : Commit list: {}
2022-11-20 07:58:10 [org.springframework.kafka.KafkaListenerEndpointContainer#0-0-C-1] DEBUG : Commit list: {}
2022-11-20 07:58:10 [org.springframework.kafka.KafkaListenerEndpointContainer#0-2-C-1] DEBUG : Commit list: {}
2022-11-20 07:58:10 [org.springframework.kafka.KafkaListenerEndpointContainer#0-0-C-1] DEBUG : [Consumer clientId=consumer-resource-processor-1, groupId=resource-processor] Executing onLeavePrepare with generation Generation{generationId=61, memberId='consumer-resource-processor-1-832fa964-7b31-4490-8045-29f7c4c70b60', protocol='range'} and memberId consumer-resource-processor-1-832fa964-7b31-4490-8045-29f7c4c70b60
2022-11-20 07:58:10 [org.springframework.kafka.KafkaListenerEndpointContainer#0-1-C-1] DEBUG : [Consumer clientId=consumer-resource-processor-2, groupId=resource-processor] Executing onLeavePrepare with generation Generation{generationId=61, memberId='consumer-resource-processor-2-f5558936-9fae-4d9e-9555-8cca9eac630b', protocol='range'} and memberId consumer-resource-processor-2-f5558936-9fae-4d9e-9555-8cca9eac630b
2022-11-20 07:58:10 [org.springframework.kafka.KafkaListenerEndpointContainer#0-2-C-1] DEBUG : [Consumer clientId=consumer-resource-processor-3, groupId=resource-processor] Executing onLeavePrepare with generation Generation{generationId=61, memberId='consumer-resource-processor-3-84f75c03-ae70-488d-bb51-49f4a2c982f1', protocol='range'} and memberId consumer-resource-processor-3-84f75c03-ae70-488d-bb51-49f4a2c982f1
2022-11-20 07:58:10 [org.springframework.kafka.KafkaListenerEndpointContainer#0-0-C-1] INFO  : [Consumer clientId=consumer-resource-processor-1, groupId=resource-processor] Revoke previously assigned partitions resources-0
2022-11-20 07:58:10 [org.springframework.kafka.KafkaListenerEndpointContainer#0-1-C-1] INFO  : [Consumer clientId=consumer-resource-processor-2, groupId=resource-processor] Revoke previously assigned partitions resources-1
2022-11-20 07:58:10 [org.springframework.kafka.KafkaListenerEndpointContainer#0-2-C-1] INFO  : [Consumer clientId=consumer-resource-processor-3, groupId=resource-processor] Revoke previously assigned partitions resources-2
2022-11-20 07:58:10 [org.springframework.kafka.KafkaListenerEndpointContainer#0-2-C-1] INFO  : resource-processor: partitions revoked: [resources-2]
2022-11-20 07:58:10 [org.springframework.kafka.KafkaListenerEndpointContainer#0-1-C-1] INFO  : resource-processor: partitions revoked: [resources-1]
2022-11-20 07:58:10 [org.springframework.kafka.KafkaListenerEndpointContainer#0-0-C-1] INFO  : resource-processor: partitions revoked: [resources-0]
2022-11-20 07:58:10 [org.springframework.kafka.KafkaListenerEndpointContainer#0-2-C-1] DEBUG : Commit list: {}
2022-11-20 07:58:10 [org.springframework.kafka.KafkaListenerEndpointContainer#0-1-C-1] DEBUG : Commit list: {}
2022-11-20 07:58:10 [org.springframework.kafka.KafkaListenerEndpointContainer#0-0-C-1] DEBUG : Commit list: {}
2022-11-20 07:58:10 [org.springframework.kafka.KafkaListenerEndpointContainer#0-2-C-1] INFO  : [Consumer clientId=consumer-resource-processor-3, groupId=resource-processor] Member consumer-resource-processor-3-84f75c03-ae70-488d-bb51-49f4a2c982f1 sending LeaveGroup request to coordinator 192.168.1.104:9092 (id: 2147483647 rack: null) due to the consumer unsubscribed from all topics
2022-11-20 07:58:10 [org.springframework.kafka.KafkaListenerEndpointContainer#0-1-C-1] INFO  : [Consumer clientId=consumer-resource-processor-2, groupId=resource-processor] Member consumer-resource-processor-2-f5558936-9fae-4d9e-9555-8cca9eac630b sending LeaveGroup request to coordinator 192.168.1.104:9092 (id: 2147483647 rack: null) due to the consumer unsubscribed from all topics
2022-11-20 07:58:10 [org.springframework.kafka.KafkaListenerEndpointContainer#0-0-C-1] INFO  : [Consumer clientId=consumer-resource-processor-1, groupId=resource-processor] Member consumer-resource-processor-1-832fa964-7b31-4490-8045-29f7c4c70b60 sending LeaveGroup request to coordinator 192.168.1.104:9092 (id: 2147483647 rack: null) due to the consumer unsubscribed from all topics
2022-11-20 07:58:10 [org.springframework.kafka.KafkaListenerEndpointContainer#0-0-C-1] DEBUG : [Consumer clientId=consumer-resource-processor-1, groupId=resource-processor] Sending LEAVE_GROUP request with header RequestHeader(apiKey=LEAVE_GROUP, apiVersion=4, clientId=consumer-resource-processor-1, correlationId=596) and timeout 30000 to node 2147483647: LeaveGroupRequestData(groupId='resource-processor', memberId='', members=[MemberIdentity(memberId='consumer-resource-processor-1-832fa964-7b31-4490-8045-29f7c4c70b60', groupInstanceId=null)])
2022-11-20 07:58:10 [org.springframework.kafka.KafkaListenerEndpointContainer#0-2-C-1] DEBUG : [Consumer clientId=consumer-resource-processor-3, groupId=resource-processor] Sending LEAVE_GROUP request with header RequestHeader(apiKey=LEAVE_GROUP, apiVersion=4, clientId=consumer-resource-processor-3, correlationId=604) and timeout 30000 to node 2147483647: LeaveGroupRequestData(groupId='resource-processor', memberId='', members=[MemberIdentity(memberId='consumer-resource-processor-3-84f75c03-ae70-488d-bb51-49f4a2c982f1', groupInstanceId=null)])
2022-11-20 07:58:10 [org.springframework.kafka.KafkaListenerEndpointContainer#0-1-C-1] DEBUG : [Consumer clientId=consumer-resource-processor-2, groupId=resource-processor] Sending LEAVE_GROUP request with header RequestHeader(apiKey=LEAVE_GROUP, apiVersion=4, clientId=consumer-resource-processor-2, correlationId=604) and timeout 30000 to node 2147483647: LeaveGroupRequestData(groupId='resource-processor', memberId='', members=[MemberIdentity(memberId='consumer-resource-processor-2-f5558936-9fae-4d9e-9555-8cca9eac630b', groupInstanceId=null)])
2022-11-20 07:58:10 [org.springframework.kafka.KafkaListenerEndpointContainer#0-2-C-1] INFO  : [Consumer clientId=consumer-resource-processor-3, groupId=resource-processor] Resetting generation due to: consumer pro-actively leaving the group
2022-11-20 07:58:10 [org.springframework.kafka.KafkaListenerEndpointContainer#0-1-C-1] INFO  : [Consumer clientId=consumer-resource-processor-2, groupId=resource-processor] Resetting generation due to: consumer pro-actively leaving the group
2022-11-20 07:58:10 [org.springframework.kafka.KafkaListenerEndpointContainer#0-2-C-1] INFO  : [Consumer clientId=consumer-resource-processor-3, groupId=resource-processor] Request joining group due to: consumer pro-actively leaving the group
2022-11-20 07:58:10 [org.springframework.kafka.KafkaListenerEndpointContainer#0-1-C-1] INFO  : [Consumer clientId=consumer-resource-processor-2, groupId=resource-processor] Request joining group due to: consumer pro-actively leaving the group
2022-11-20 07:58:10 [org.springframework.kafka.KafkaListenerEndpointContainer#0-0-C-1] INFO  : [Consumer clientId=consumer-resource-processor-1, groupId=resource-processor] Resetting generation due to: consumer pro-actively leaving the group
2022-11-20 07:58:10 [org.springframework.kafka.KafkaListenerEndpointContainer#0-1-C-1] INFO  : [Consumer clientId=consumer-resource-processor-2, groupId=resource-processor] Unsubscribed all topics or patterns and assigned partitions
2022-11-20 07:58:10 [org.springframework.kafka.KafkaListenerEndpointContainer#0-2-C-1] INFO  : [Consumer clientId=consumer-resource-processor-3, groupId=resource-processor] Unsubscribed all topics or patterns and assigned partitions
2022-11-20 07:58:10 [org.springframework.kafka.KafkaListenerEndpointContainer#0-0-C-1] INFO  : [Consumer clientId=consumer-resource-processor-1, groupId=resource-processor] Request joining group due to: consumer pro-actively leaving the group
2022-11-20 07:58:10 [org.springframework.kafka.KafkaListenerEndpointContainer#0-2-C-1] DEBUG : Shutting down ExecutorService
2022-11-20 07:58:10 [org.springframework.kafka.KafkaListenerEndpointContainer#0-1-C-1] DEBUG : Shutting down ExecutorService
2022-11-20 07:58:10 [org.springframework.kafka.KafkaListenerEndpointContainer#0-0-C-1] INFO  : [Consumer clientId=consumer-resource-processor-1, groupId=resource-processor] Unsubscribed all topics or patterns and assigned partitions
2022-11-20 07:58:10 [org.springframework.kafka.KafkaListenerEndpointContainer#0-0-C-1] DEBUG : Shutting down ExecutorService
2022-11-20 07:58:10 [kafka-coordinator-heartbeat-thread | resource-processor] DEBUG : [Consumer clientId=consumer-resource-processor-3, groupId=resource-processor] Heartbeat thread has closed
2022-11-20 07:58:10 [kafka-coordinator-heartbeat-thread | resource-processor] DEBUG : [Consumer clientId=consumer-resource-processor-2, groupId=resource-processor] Heartbeat thread has closed
2022-11-20 07:58:10 [kafka-coordinator-heartbeat-thread | resource-processor] DEBUG : [Consumer clientId=consumer-resource-processor-1, groupId=resource-processor] Heartbeat thread has closed
2022-11-20 07:58:10 [org.springframework.kafka.KafkaListenerEndpointContainer#0-2-C-1] DEBUG : [Consumer clientId=consumer-resource-processor-3, groupId=resource-processor] Executing onLeavePrepare with generation Generation{generationId=-1, memberId='', protocol='null'} and memberId 
2022-11-20 07:58:10 [org.springframework.kafka.KafkaListenerEndpointContainer#0-1-C-1] DEBUG : [Consumer clientId=consumer-resource-processor-2, groupId=resource-processor] Executing onLeavePrepare with generation Generation{generationId=-1, memberId='', protocol='null'} and memberId 
2022-11-20 07:58:10 [org.springframework.kafka.KafkaListenerEndpointContainer#0-0-C-1] DEBUG : [Consumer clientId=consumer-resource-processor-1, groupId=resource-processor] Executing onLeavePrepare with generation Generation{generationId=-1, memberId='', protocol='null'} and memberId 
2022-11-20 07:58:10 [org.springframework.kafka.KafkaListenerEndpointContainer#0-2-C-1] INFO  : [Consumer clientId=consumer-resource-processor-3, groupId=resource-processor] Resetting generation due to: consumer pro-actively leaving the group
2022-11-20 07:58:10 [org.springframework.kafka.KafkaListenerEndpointContainer#0-1-C-1] INFO  : [Consumer clientId=consumer-resource-processor-2, groupId=resource-processor] Resetting generation due to: consumer pro-actively leaving the group
2022-11-20 07:58:10 [org.springframework.kafka.KafkaListenerEndpointContainer#0-2-C-1] INFO  : [Consumer clientId=consumer-resource-processor-3, groupId=resource-processor] Request joining group due to: consumer pro-actively leaving the group
2022-11-20 07:58:10 [org.springframework.kafka.KafkaListenerEndpointContainer#0-0-C-1] INFO  : [Consumer clientId=consumer-resource-processor-1, groupId=resource-processor] Resetting generation due to: consumer pro-actively leaving the group
2022-11-20 07:58:10 [org.springframework.kafka.KafkaListenerEndpointContainer#0-1-C-1] INFO  : [Consumer clientId=consumer-resource-processor-2, groupId=resource-processor] Request joining group due to: consumer pro-actively leaving the group
2022-11-20 07:58:10 [org.springframework.kafka.KafkaListenerEndpointContainer#0-0-C-1] INFO  : [Consumer clientId=consumer-resource-processor-1, groupId=resource-processor] Request joining group due to: consumer pro-actively leaving the group
2022-11-20 07:58:10 [org.springframework.kafka.KafkaListenerEndpointContainer#0-1-C-1] DEBUG : [Consumer clientId=consumer-resource-processor-2, groupId=resource-processor] Received LEAVE_GROUP response from node 2147483647 for request with header RequestHeader(apiKey=LEAVE_GROUP, apiVersion=4, clientId=consumer-resource-processor-2, correlationId=604): LeaveGroupResponseData(throttleTimeMs=0, errorCode=0, members=[MemberResponse(memberId='consumer-resource-processor-2-f5558936-9fae-4d9e-9555-8cca9eac630b', groupInstanceId=null, errorCode=0)])
2022-11-20 07:58:10 [org.springframework.kafka.KafkaListenerEndpointContainer#0-1-C-1] DEBUG : [Consumer clientId=consumer-resource-processor-2, groupId=resource-processor] LeaveGroup response with Generation{generationId=61, memberId='consumer-resource-processor-2-f5558936-9fae-4d9e-9555-8cca9eac630b', protocol='range'} returned successfully: ClientResponse(receivedTimeMs=1668913090205, latencyMs=10, disconnected=false, requestHeader=RequestHeader(apiKey=LEAVE_GROUP, apiVersion=4, clientId=consumer-resource-processor-2, correlationId=604), responseBody=LeaveGroupResponseData(throttleTimeMs=0, errorCode=0, members=[MemberResponse(memberId='consumer-resource-processor-2-f5558936-9fae-4d9e-9555-8cca9eac630b', groupInstanceId=null, errorCode=0)]))
2022-11-20 07:58:10 [org.springframework.kafka.KafkaListenerEndpointContainer#0-0-C-1] DEBUG : [Consumer clientId=consumer-resource-processor-1, groupId=resource-processor] Received LEAVE_GROUP response from node 2147483647 for request with header RequestHeader(apiKey=LEAVE_GROUP, apiVersion=4, clientId=consumer-resource-processor-1, correlationId=596): LeaveGroupResponseData(throttleTimeMs=0, errorCode=0, members=[MemberResponse(memberId='consumer-resource-processor-1-832fa964-7b31-4490-8045-29f7c4c70b60', groupInstanceId=null, errorCode=0)])
2022-11-20 07:58:10 [org.springframework.kafka.KafkaListenerEndpointContainer#0-0-C-1] DEBUG : [Consumer clientId=consumer-resource-processor-1, groupId=resource-processor] LeaveGroup response with Generation{generationId=61, memberId='consumer-resource-processor-1-832fa964-7b31-4490-8045-29f7c4c70b60', protocol='range'} returned successfully: ClientResponse(receivedTimeMs=1668913090207, latencyMs=12, disconnected=false, requestHeader=RequestHeader(apiKey=LEAVE_GROUP, apiVersion=4, clientId=consumer-resource-processor-1, correlationId=596), responseBody=LeaveGroupResponseData(throttleTimeMs=0, errorCode=0, members=[MemberResponse(memberId='consumer-resource-processor-1-832fa964-7b31-4490-8045-29f7c4c70b60', groupInstanceId=null, errorCode=0)]))
2022-11-20 07:58:10 [org.springframework.kafka.KafkaListenerEndpointContainer#0-1-C-1] INFO  : Metrics scheduler closed
2022-11-20 07:58:10 [org.springframework.kafka.KafkaListenerEndpointContainer#0-0-C-1] INFO  : Metrics scheduler closed
2022-11-20 07:58:10 [org.springframework.kafka.KafkaListenerEndpointContainer#0-1-C-1] INFO  : Closing reporter org.apache.kafka.common.metrics.JmxReporter
2022-11-20 07:58:10 [org.springframework.kafka.KafkaListenerEndpointContainer#0-0-C-1] INFO  : Closing reporter org.apache.kafka.common.metrics.JmxReporter
2022-11-20 07:58:10 [org.springframework.kafka.KafkaListenerEndpointContainer#0-1-C-1] INFO  : Metrics reporters closed
2022-11-20 07:58:10 [org.springframework.kafka.KafkaListenerEndpointContainer#0-0-C-1] INFO  : Metrics reporters closed
2022-11-20 07:58:10 [org.springframework.kafka.KafkaListenerEndpointContainer#0-2-C-1] DEBUG : [Consumer clientId=consumer-resource-processor-3, groupId=resource-processor] Received LEAVE_GROUP response from node 2147483647 for request with header RequestHeader(apiKey=LEAVE_GROUP, apiVersion=4, clientId=consumer-resource-processor-3, correlationId=604): LeaveGroupResponseData(throttleTimeMs=0, errorCode=0, members=[MemberResponse(memberId='consumer-resource-processor-3-84f75c03-ae70-488d-bb51-49f4a2c982f1', groupInstanceId=null, errorCode=0)])
2022-11-20 07:58:10 [org.springframework.kafka.KafkaListenerEndpointContainer#0-2-C-1] DEBUG : [Consumer clientId=consumer-resource-processor-3, groupId=resource-processor] LeaveGroup response with Generation{generationId=61, memberId='consumer-resource-processor-3-84f75c03-ae70-488d-bb51-49f4a2c982f1', protocol='range'} returned successfully: ClientResponse(receivedTimeMs=1668913090210, latencyMs=15, disconnected=false, requestHeader=RequestHeader(apiKey=LEAVE_GROUP, apiVersion=4, clientId=consumer-resource-processor-3, correlationId=604), responseBody=LeaveGroupResponseData(throttleTimeMs=0, errorCode=0, members=[MemberResponse(memberId='consumer-resource-processor-3-84f75c03-ae70-488d-bb51-49f4a2c982f1', groupInstanceId=null, errorCode=0)]))
2022-11-20 07:58:10 [org.springframework.kafka.KafkaListenerEndpointContainer#0-2-C-1] INFO  : Metrics scheduler closed
2022-11-20 07:58:10 [org.springframework.kafka.KafkaListenerEndpointContainer#0-2-C-1] INFO  : Closing reporter org.apache.kafka.common.metrics.JmxReporter
2022-11-20 07:58:10 [org.springframework.kafka.KafkaListenerEndpointContainer#0-2-C-1] INFO  : Metrics reporters closed
2022-11-20 07:58:10 [org.springframework.kafka.KafkaListenerEndpointContainer#0-0-C-1] INFO  : App info kafka.consumer for consumer-resource-processor-1 unregistered
2022-11-20 07:58:10 [org.springframework.kafka.KafkaListenerEndpointContainer#0-0-C-1] DEBUG : [Consumer clientId=consumer-resource-processor-1, groupId=resource-processor] Kafka consumer has been closed
2022-11-20 07:58:10 [org.springframework.kafka.KafkaListenerEndpointContainer#0-0-C-1] INFO  : resource-processor: Consumer stopped
2022-11-20 07:58:10 [org.springframework.kafka.KafkaListenerEndpointContainer#0-0-C-1] DEBUG : KafkaMessageListenerContainer [id=org.springframework.kafka.KafkaListenerEndpointContainer#0-0, clientIndex=-0, topicPartitions=[]] stopped normally
2022-11-20 07:58:10 [org.springframework.kafka.KafkaListenerEndpointContainer#0-1-C-1] INFO  : App info kafka.consumer for consumer-resource-processor-2 unregistered
2022-11-20 07:58:10 [org.springframework.kafka.KafkaListenerEndpointContainer#0-1-C-1] DEBUG : [Consumer clientId=consumer-resource-processor-2, groupId=resource-processor] Kafka consumer has been closed
2022-11-20 07:58:10 [org.springframework.kafka.KafkaListenerEndpointContainer#0-1-C-1] INFO  : resource-processor: Consumer stopped
2022-11-20 07:58:10 [org.springframework.kafka.KafkaListenerEndpointContainer#0-1-C-1] DEBUG : KafkaMessageListenerContainer [id=org.springframework.kafka.KafkaListenerEndpointContainer#0-1, clientIndex=-1, topicPartitions=[]] stopped normally
2022-11-20 07:58:10 [org.springframework.kafka.KafkaListenerEndpointContainer#0-2-C-1] INFO  : App info kafka.consumer for consumer-resource-processor-3 unregistered
2022-11-20 07:58:10 [org.springframework.kafka.KafkaListenerEndpointContainer#0-2-C-1] DEBUG : [Consumer clientId=consumer-resource-processor-3, groupId=resource-processor] Kafka consumer has been closed
2022-11-20 07:58:10 [org.springframework.kafka.KafkaListenerEndpointContainer#0-2-C-1] INFO  : resource-processor: Consumer stopped
2022-11-20 07:58:10 [org.springframework.kafka.KafkaListenerEndpointContainer#0-2-C-1] DEBUG : KafkaMessageListenerContainer [id=org.springframework.kafka.KafkaListenerEndpointContainer#0-2, clientIndex=-2, topicPartitions=[]] stopped normally
2022-11-20 07:58:10 [SpringApplicationShutdownHook] DEBUG : Stopping beans in phase -2147483647
2022-11-20 07:58:10 [org.springframework.kafka.KafkaListenerEndpointContainer#0-2-C-1] DEBUG : Bean 'org.springframework.kafka.config.internalKafkaListenerEndpointRegistry' completed its stop procedure
2022-11-20 07:58:10 [SpringApplicationShutdownHook] DEBUG : Bean 'springBootLoggingLifecycle' completed its stop procedure
2022-11-20 07:58:10 [reactor-http-nio-5] DEBUG : [52909582, L:/127.0.0.1:51956 ! R:localhost/127.0.0.1:8090] onStateChange(PooledConnection{channel=[id: 0x52909582, L:/127.0.0.1:51956 ! R:localhost/127.0.0.1:8090]}, [disconnecting])
