2022-11-20 17:40:50 [SpringApplicationShutdownHook] DEBUG : Stopping beans in phase 2147483647
2022-11-20 17:40:50 [SpringApplicationShutdownHook] DEBUG : Bean 'webServerGracefulShutdown' completed its stop procedure
2022-11-20 17:40:50 [SpringApplicationShutdownHook] DEBUG : Stopping beans in phase 2147483646
2022-11-20 17:40:50 [SpringApplicationShutdownHook] DEBUG : Bean 'webServerStartStop' completed its stop procedure
2022-11-20 17:40:50 [SpringApplicationShutdownHook] DEBUG : Stopping beans in phase 2147483547
2022-11-20 17:40:50 [SpringApplicationShutdownHook] DEBUG : [Consumer clientId=consumer-resource-processor-1, groupId=resource-processor] Received user wakeup
2022-11-20 17:40:50 [org.springframework.kafka.KafkaListenerEndpointContainer#0-0-C-1] DEBUG : [Consumer clientId=consumer-resource-processor-1, groupId=resource-processor] Raising WakeupException in response to user wakeup
2022-11-20 17:40:50 [SpringApplicationShutdownHook] DEBUG : [Consumer clientId=consumer-resource-processor-2, groupId=resource-processor] Received user wakeup
2022-11-20 17:40:50 [SpringApplicationShutdownHook] DEBUG : [Consumer clientId=consumer-resource-processor-3, groupId=resource-processor] Received user wakeup
2022-11-20 17:40:50 [org.springframework.kafka.KafkaListenerEndpointContainer#0-1-C-1] DEBUG : [Consumer clientId=consumer-resource-processor-2, groupId=resource-processor] Raising WakeupException in response to user wakeup
2022-11-20 17:40:50 [org.springframework.kafka.KafkaListenerEndpointContainer#0-0-C-1] DEBUG : Commit list: {}
2022-11-20 17:40:50 [org.springframework.kafka.KafkaListenerEndpointContainer#0-2-C-1] DEBUG : [Consumer clientId=consumer-resource-processor-3, groupId=resource-processor] Raising WakeupException in response to user wakeup
2022-11-20 17:40:50 [org.springframework.kafka.KafkaListenerEndpointContainer#0-1-C-1] DEBUG : Commit list: {}
2022-11-20 17:40:50 [org.springframework.kafka.KafkaListenerEndpointContainer#0-2-C-1] DEBUG : Commit list: {}
2022-11-20 17:40:50 [org.springframework.kafka.KafkaListenerEndpointContainer#0-0-C-1] DEBUG : [Consumer clientId=consumer-resource-processor-1, groupId=resource-processor] Executing onLeavePrepare with generation Generation{generationId=69, memberId='consumer-resource-processor-1-aca575ef-2581-4482-9917-98cba4eb9077', protocol='range'} and memberId consumer-resource-processor-1-aca575ef-2581-4482-9917-98cba4eb9077
2022-11-20 17:40:50 [org.springframework.kafka.KafkaListenerEndpointContainer#0-1-C-1] DEBUG : [Consumer clientId=consumer-resource-processor-2, groupId=resource-processor] Executing onLeavePrepare with generation Generation{generationId=69, memberId='consumer-resource-processor-2-7c9919d7-7f58-4469-95bc-ecd46b860924', protocol='range'} and memberId consumer-resource-processor-2-7c9919d7-7f58-4469-95bc-ecd46b860924
2022-11-20 17:40:50 [org.springframework.kafka.KafkaListenerEndpointContainer#0-2-C-1] DEBUG : [Consumer clientId=consumer-resource-processor-3, groupId=resource-processor] Executing onLeavePrepare with generation Generation{generationId=69, memberId='consumer-resource-processor-3-76c7d7e0-50b6-400d-a695-322c9ffb247c', protocol='range'} and memberId consumer-resource-processor-3-76c7d7e0-50b6-400d-a695-322c9ffb247c
2022-11-20 17:40:50 [org.springframework.kafka.KafkaListenerEndpointContainer#0-0-C-1] INFO  : [Consumer clientId=consumer-resource-processor-1, groupId=resource-processor] Revoke previously assigned partitions resources-0
2022-11-20 17:40:50 [org.springframework.kafka.KafkaListenerEndpointContainer#0-1-C-1] INFO  : [Consumer clientId=consumer-resource-processor-2, groupId=resource-processor] Revoke previously assigned partitions resources-1
2022-11-20 17:40:50 [org.springframework.kafka.KafkaListenerEndpointContainer#0-2-C-1] INFO  : [Consumer clientId=consumer-resource-processor-3, groupId=resource-processor] Revoke previously assigned partitions resources-2
2022-11-20 17:40:50 [org.springframework.kafka.KafkaListenerEndpointContainer#0-1-C-1] INFO  : resource-processor: partitions revoked: [resources-1]
2022-11-20 17:40:50 [org.springframework.kafka.KafkaListenerEndpointContainer#0-0-C-1] INFO  : resource-processor: partitions revoked: [resources-0]
2022-11-20 17:40:50 [org.springframework.kafka.KafkaListenerEndpointContainer#0-1-C-1] DEBUG : Commit list: {}
2022-11-20 17:40:50 [org.springframework.kafka.KafkaListenerEndpointContainer#0-2-C-1] INFO  : resource-processor: partitions revoked: [resources-2]
2022-11-20 17:40:50 [org.springframework.kafka.KafkaListenerEndpointContainer#0-0-C-1] DEBUG : Commit list: {}
2022-11-20 17:40:50 [org.springframework.kafka.KafkaListenerEndpointContainer#0-2-C-1] DEBUG : Commit list: {}
2022-11-20 17:40:50 [org.springframework.kafka.KafkaListenerEndpointContainer#0-0-C-1] INFO  : [Consumer clientId=consumer-resource-processor-1, groupId=resource-processor] Member consumer-resource-processor-1-aca575ef-2581-4482-9917-98cba4eb9077 sending LeaveGroup request to coordinator 10.22.157.37:9092 (id: 2147483647 rack: null) due to the consumer unsubscribed from all topics
2022-11-20 17:40:50 [org.springframework.kafka.KafkaListenerEndpointContainer#0-2-C-1] INFO  : [Consumer clientId=consumer-resource-processor-3, groupId=resource-processor] Member consumer-resource-processor-3-76c7d7e0-50b6-400d-a695-322c9ffb247c sending LeaveGroup request to coordinator 10.22.157.37:9092 (id: 2147483647 rack: null) due to the consumer unsubscribed from all topics
2022-11-20 17:40:50 [org.springframework.kafka.KafkaListenerEndpointContainer#0-1-C-1] INFO  : [Consumer clientId=consumer-resource-processor-2, groupId=resource-processor] Member consumer-resource-processor-2-7c9919d7-7f58-4469-95bc-ecd46b860924 sending LeaveGroup request to coordinator 10.22.157.37:9092 (id: 2147483647 rack: null) due to the consumer unsubscribed from all topics
2022-11-20 17:40:50 [org.springframework.kafka.KafkaListenerEndpointContainer#0-0-C-1] DEBUG : [Consumer clientId=consumer-resource-processor-1, groupId=resource-processor] Sending LEAVE_GROUP request with header RequestHeader(apiKey=LEAVE_GROUP, apiVersion=4, clientId=consumer-resource-processor-1, correlationId=4076) and timeout 30000 to node 2147483647: LeaveGroupRequestData(groupId='resource-processor', memberId='', members=[MemberIdentity(memberId='consumer-resource-processor-1-aca575ef-2581-4482-9917-98cba4eb9077', groupInstanceId=null)])
2022-11-20 17:40:50 [org.springframework.kafka.KafkaListenerEndpointContainer#0-1-C-1] DEBUG : [Consumer clientId=consumer-resource-processor-2, groupId=resource-processor] Sending LEAVE_GROUP request with header RequestHeader(apiKey=LEAVE_GROUP, apiVersion=4, clientId=consumer-resource-processor-2, correlationId=4068) and timeout 30000 to node 2147483647: LeaveGroupRequestData(groupId='resource-processor', memberId='', members=[MemberIdentity(memberId='consumer-resource-processor-2-7c9919d7-7f58-4469-95bc-ecd46b860924', groupInstanceId=null)])
2022-11-20 17:40:50 [org.springframework.kafka.KafkaListenerEndpointContainer#0-2-C-1] DEBUG : [Consumer clientId=consumer-resource-processor-3, groupId=resource-processor] Sending LEAVE_GROUP request with header RequestHeader(apiKey=LEAVE_GROUP, apiVersion=4, clientId=consumer-resource-processor-3, correlationId=4075) and timeout 30000 to node 2147483647: LeaveGroupRequestData(groupId='resource-processor', memberId='', members=[MemberIdentity(memberId='consumer-resource-processor-3-76c7d7e0-50b6-400d-a695-322c9ffb247c', groupInstanceId=null)])
2022-11-20 17:40:50 [org.springframework.kafka.KafkaListenerEndpointContainer#0-0-C-1] INFO  : [Consumer clientId=consumer-resource-processor-1, groupId=resource-processor] Resetting generation due to: consumer pro-actively leaving the group
2022-11-20 17:40:50 [org.springframework.kafka.KafkaListenerEndpointContainer#0-2-C-1] INFO  : [Consumer clientId=consumer-resource-processor-3, groupId=resource-processor] Resetting generation due to: consumer pro-actively leaving the group
2022-11-20 17:40:50 [org.springframework.kafka.KafkaListenerEndpointContainer#0-1-C-1] INFO  : [Consumer clientId=consumer-resource-processor-2, groupId=resource-processor] Resetting generation due to: consumer pro-actively leaving the group
2022-11-20 17:40:50 [org.springframework.kafka.KafkaListenerEndpointContainer#0-2-C-1] INFO  : [Consumer clientId=consumer-resource-processor-3, groupId=resource-processor] Request joining group due to: consumer pro-actively leaving the group
2022-11-20 17:40:50 [org.springframework.kafka.KafkaListenerEndpointContainer#0-0-C-1] INFO  : [Consumer clientId=consumer-resource-processor-1, groupId=resource-processor] Request joining group due to: consumer pro-actively leaving the group
2022-11-20 17:40:50 [org.springframework.kafka.KafkaListenerEndpointContainer#0-1-C-1] INFO  : [Consumer clientId=consumer-resource-processor-2, groupId=resource-processor] Request joining group due to: consumer pro-actively leaving the group
2022-11-20 17:40:50 [org.springframework.kafka.KafkaListenerEndpointContainer#0-2-C-1] INFO  : [Consumer clientId=consumer-resource-processor-3, groupId=resource-processor] Unsubscribed all topics or patterns and assigned partitions
2022-11-20 17:40:50 [org.springframework.kafka.KafkaListenerEndpointContainer#0-1-C-1] INFO  : [Consumer clientId=consumer-resource-processor-2, groupId=resource-processor] Unsubscribed all topics or patterns and assigned partitions
2022-11-20 17:40:50 [org.springframework.kafka.KafkaListenerEndpointContainer#0-0-C-1] INFO  : [Consumer clientId=consumer-resource-processor-1, groupId=resource-processor] Unsubscribed all topics or patterns and assigned partitions
2022-11-20 17:40:50 [org.springframework.kafka.KafkaListenerEndpointContainer#0-0-C-1] DEBUG : Shutting down ExecutorService
2022-11-20 17:40:50 [org.springframework.kafka.KafkaListenerEndpointContainer#0-1-C-1] DEBUG : Shutting down ExecutorService
2022-11-20 17:40:50 [org.springframework.kafka.KafkaListenerEndpointContainer#0-2-C-1] DEBUG : Shutting down ExecutorService
2022-11-20 17:40:50 [kafka-coordinator-heartbeat-thread | resource-processor] DEBUG : [Consumer clientId=consumer-resource-processor-3, groupId=resource-processor] Heartbeat thread has closed
2022-11-20 17:40:50 [kafka-coordinator-heartbeat-thread | resource-processor] DEBUG : [Consumer clientId=consumer-resource-processor-1, groupId=resource-processor] Heartbeat thread has closed
2022-11-20 17:40:50 [kafka-coordinator-heartbeat-thread | resource-processor] DEBUG : [Consumer clientId=consumer-resource-processor-2, groupId=resource-processor] Heartbeat thread has closed
2022-11-20 17:40:50 [org.springframework.kafka.KafkaListenerEndpointContainer#0-2-C-1] DEBUG : [Consumer clientId=consumer-resource-processor-3, groupId=resource-processor] Executing onLeavePrepare with generation Generation{generationId=-1, memberId='', protocol='null'} and memberId 
2022-11-20 17:40:50 [org.springframework.kafka.KafkaListenerEndpointContainer#0-2-C-1] INFO  : [Consumer clientId=consumer-resource-processor-3, groupId=resource-processor] Resetting generation due to: consumer pro-actively leaving the group
2022-11-20 17:40:50 [org.springframework.kafka.KafkaListenerEndpointContainer#0-0-C-1] DEBUG : [Consumer clientId=consumer-resource-processor-1, groupId=resource-processor] Executing onLeavePrepare with generation Generation{generationId=-1, memberId='', protocol='null'} and memberId 
2022-11-20 17:40:50 [org.springframework.kafka.KafkaListenerEndpointContainer#0-2-C-1] INFO  : [Consumer clientId=consumer-resource-processor-3, groupId=resource-processor] Request joining group due to: consumer pro-actively leaving the group
2022-11-20 17:40:50 [org.springframework.kafka.KafkaListenerEndpointContainer#0-1-C-1] DEBUG : [Consumer clientId=consumer-resource-processor-2, groupId=resource-processor] Executing onLeavePrepare with generation Generation{generationId=-1, memberId='', protocol='null'} and memberId 
2022-11-20 17:40:50 [org.springframework.kafka.KafkaListenerEndpointContainer#0-1-C-1] INFO  : [Consumer clientId=consumer-resource-processor-2, groupId=resource-processor] Resetting generation due to: consumer pro-actively leaving the group
2022-11-20 17:40:50 [org.springframework.kafka.KafkaListenerEndpointContainer#0-0-C-1] INFO  : [Consumer clientId=consumer-resource-processor-1, groupId=resource-processor] Resetting generation due to: consumer pro-actively leaving the group
2022-11-20 17:40:50 [org.springframework.kafka.KafkaListenerEndpointContainer#0-1-C-1] INFO  : [Consumer clientId=consumer-resource-processor-2, groupId=resource-processor] Request joining group due to: consumer pro-actively leaving the group
2022-11-20 17:40:50 [org.springframework.kafka.KafkaListenerEndpointContainer#0-0-C-1] INFO  : [Consumer clientId=consumer-resource-processor-1, groupId=resource-processor] Request joining group due to: consumer pro-actively leaving the group
2022-11-20 17:40:50 [org.springframework.kafka.KafkaListenerEndpointContainer#0-0-C-1] DEBUG : [Consumer clientId=consumer-resource-processor-1, groupId=resource-processor] Received LEAVE_GROUP response from node 2147483647 for request with header RequestHeader(apiKey=LEAVE_GROUP, apiVersion=4, clientId=consumer-resource-processor-1, correlationId=4076): LeaveGroupResponseData(throttleTimeMs=0, errorCode=0, members=[MemberResponse(memberId='consumer-resource-processor-1-aca575ef-2581-4482-9917-98cba4eb9077', groupInstanceId=null, errorCode=0)])
2022-11-20 17:40:50 [org.springframework.kafka.KafkaListenerEndpointContainer#0-0-C-1] DEBUG : [Consumer clientId=consumer-resource-processor-1, groupId=resource-processor] LeaveGroup response with Generation{generationId=69, memberId='consumer-resource-processor-1-aca575ef-2581-4482-9917-98cba4eb9077', protocol='range'} returned successfully: ClientResponse(receivedTimeMs=1668948050041, latencyMs=25, disconnected=false, requestHeader=RequestHeader(apiKey=LEAVE_GROUP, apiVersion=4, clientId=consumer-resource-processor-1, correlationId=4076), responseBody=LeaveGroupResponseData(throttleTimeMs=0, errorCode=0, members=[MemberResponse(memberId='consumer-resource-processor-1-aca575ef-2581-4482-9917-98cba4eb9077', groupInstanceId=null, errorCode=0)]))
2022-11-20 17:40:50 [org.springframework.kafka.KafkaListenerEndpointContainer#0-0-C-1] INFO  : Metrics scheduler closed
2022-11-20 17:40:50 [org.springframework.kafka.KafkaListenerEndpointContainer#0-1-C-1] DEBUG : [Consumer clientId=consumer-resource-processor-2, groupId=resource-processor] Received LEAVE_GROUP response from node 2147483647 for request with header RequestHeader(apiKey=LEAVE_GROUP, apiVersion=4, clientId=consumer-resource-processor-2, correlationId=4068): LeaveGroupResponseData(throttleTimeMs=0, errorCode=0, members=[MemberResponse(memberId='consumer-resource-processor-2-7c9919d7-7f58-4469-95bc-ecd46b860924', groupInstanceId=null, errorCode=0)])
2022-11-20 17:40:50 [org.springframework.kafka.KafkaListenerEndpointContainer#0-0-C-1] INFO  : Closing reporter org.apache.kafka.common.metrics.JmxReporter
2022-11-20 17:40:50 [org.springframework.kafka.KafkaListenerEndpointContainer#0-1-C-1] DEBUG : [Consumer clientId=consumer-resource-processor-2, groupId=resource-processor] LeaveGroup response with Generation{generationId=69, memberId='consumer-resource-processor-2-7c9919d7-7f58-4469-95bc-ecd46b860924', protocol='range'} returned successfully: ClientResponse(receivedTimeMs=1668948050042, latencyMs=26, disconnected=false, requestHeader=RequestHeader(apiKey=LEAVE_GROUP, apiVersion=4, clientId=consumer-resource-processor-2, correlationId=4068), responseBody=LeaveGroupResponseData(throttleTimeMs=0, errorCode=0, members=[MemberResponse(memberId='consumer-resource-processor-2-7c9919d7-7f58-4469-95bc-ecd46b860924', groupInstanceId=null, errorCode=0)]))
2022-11-20 17:40:50 [org.springframework.kafka.KafkaListenerEndpointContainer#0-0-C-1] INFO  : Metrics reporters closed
2022-11-20 17:40:50 [org.springframework.kafka.KafkaListenerEndpointContainer#0-1-C-1] INFO  : Metrics scheduler closed
2022-11-20 17:40:50 [org.springframework.kafka.KafkaListenerEndpointContainer#0-1-C-1] INFO  : Closing reporter org.apache.kafka.common.metrics.JmxReporter
2022-11-20 17:40:50 [org.springframework.kafka.KafkaListenerEndpointContainer#0-1-C-1] INFO  : Metrics reporters closed
2022-11-20 17:40:50 [org.springframework.kafka.KafkaListenerEndpointContainer#0-2-C-1] DEBUG : [Consumer clientId=consumer-resource-processor-3, groupId=resource-processor] Received LEAVE_GROUP response from node 2147483647 for request with header RequestHeader(apiKey=LEAVE_GROUP, apiVersion=4, clientId=consumer-resource-processor-3, correlationId=4075): LeaveGroupResponseData(throttleTimeMs=0, errorCode=0, members=[MemberResponse(memberId='consumer-resource-processor-3-76c7d7e0-50b6-400d-a695-322c9ffb247c', groupInstanceId=null, errorCode=0)])
2022-11-20 17:40:50 [org.springframework.kafka.KafkaListenerEndpointContainer#0-2-C-1] DEBUG : [Consumer clientId=consumer-resource-processor-3, groupId=resource-processor] LeaveGroup response with Generation{generationId=69, memberId='consumer-resource-processor-3-76c7d7e0-50b6-400d-a695-322c9ffb247c', protocol='range'} returned successfully: ClientResponse(receivedTimeMs=1668948050047, latencyMs=31, disconnected=false, requestHeader=RequestHeader(apiKey=LEAVE_GROUP, apiVersion=4, clientId=consumer-resource-processor-3, correlationId=4075), responseBody=LeaveGroupResponseData(throttleTimeMs=0, errorCode=0, members=[MemberResponse(memberId='consumer-resource-processor-3-76c7d7e0-50b6-400d-a695-322c9ffb247c', groupInstanceId=null, errorCode=0)]))
2022-11-20 17:40:50 [org.springframework.kafka.KafkaListenerEndpointContainer#0-2-C-1] INFO  : Metrics scheduler closed
2022-11-20 17:40:50 [org.springframework.kafka.KafkaListenerEndpointContainer#0-2-C-1] INFO  : Closing reporter org.apache.kafka.common.metrics.JmxReporter
2022-11-20 17:40:50 [org.springframework.kafka.KafkaListenerEndpointContainer#0-2-C-1] INFO  : Metrics reporters closed
2022-11-20 17:40:50 [org.springframework.kafka.KafkaListenerEndpointContainer#0-0-C-1] INFO  : App info kafka.consumer for consumer-resource-processor-1 unregistered
2022-11-20 17:40:50 [org.springframework.kafka.KafkaListenerEndpointContainer#0-0-C-1] DEBUG : [Consumer clientId=consumer-resource-processor-1, groupId=resource-processor] Kafka consumer has been closed
2022-11-20 17:40:50 [org.springframework.kafka.KafkaListenerEndpointContainer#0-1-C-1] INFO  : App info kafka.consumer for consumer-resource-processor-2 unregistered
2022-11-20 17:40:50 [org.springframework.kafka.KafkaListenerEndpointContainer#0-0-C-1] INFO  : resource-processor: Consumer stopped
2022-11-20 17:40:50 [org.springframework.kafka.KafkaListenerEndpointContainer#0-1-C-1] DEBUG : [Consumer clientId=consumer-resource-processor-2, groupId=resource-processor] Kafka consumer has been closed
2022-11-20 17:40:50 [org.springframework.kafka.KafkaListenerEndpointContainer#0-1-C-1] INFO  : resource-processor: Consumer stopped
2022-11-20 17:40:50 [org.springframework.kafka.KafkaListenerEndpointContainer#0-2-C-1] INFO  : App info kafka.consumer for consumer-resource-processor-3 unregistered
2022-11-20 17:40:50 [org.springframework.kafka.KafkaListenerEndpointContainer#0-2-C-1] DEBUG : [Consumer clientId=consumer-resource-processor-3, groupId=resource-processor] Kafka consumer has been closed
2022-11-20 17:40:50 [org.springframework.kafka.KafkaListenerEndpointContainer#0-1-C-1] DEBUG : KafkaMessageListenerContainer [id=org.springframework.kafka.KafkaListenerEndpointContainer#0-1, clientIndex=-1, topicPartitions=[]] stopped normally
2022-11-20 17:40:50 [org.springframework.kafka.KafkaListenerEndpointContainer#0-2-C-1] INFO  : resource-processor: Consumer stopped
2022-11-20 17:40:50 [org.springframework.kafka.KafkaListenerEndpointContainer#0-0-C-1] DEBUG : KafkaMessageListenerContainer [id=org.springframework.kafka.KafkaListenerEndpointContainer#0-0, clientIndex=-0, topicPartitions=[]] stopped normally
2022-11-20 17:40:50 [org.springframework.kafka.KafkaListenerEndpointContainer#0-2-C-1] DEBUG : KafkaMessageListenerContainer [id=org.springframework.kafka.KafkaListenerEndpointContainer#0-2, clientIndex=-2, topicPartitions=[]] stopped normally
2022-11-20 17:40:50 [SpringApplicationShutdownHook] DEBUG : Stopping beans in phase -2147483647
2022-11-20 17:40:50 [org.springframework.kafka.KafkaListenerEndpointContainer#0-2-C-1] DEBUG : Bean 'org.springframework.kafka.config.internalKafkaListenerEndpointRegistry' completed its stop procedure
2022-11-20 17:40:50 [SpringApplicationShutdownHook] DEBUG : Bean 'springBootLoggingLifecycle' completed its stop procedure
