2022-11-20 08:20:13 [SpringApplicationShutdownHook] DEBUG : Bean 'webServerStartStop' completed its stop procedure
2022-11-20 08:20:13 [SpringApplicationShutdownHook] DEBUG : Stopping beans in phase 2147483547
2022-11-20 08:20:13 [SpringApplicationShutdownHook] DEBUG : [Consumer clientId=consumer-resource-processor-1, groupId=resource-processor] Received user wakeup
2022-11-20 08:20:13 [org.springframework.kafka.KafkaListenerEndpointContainer#0-0-C-1] DEBUG : [Consumer clientId=consumer-resource-processor-1, groupId=resource-processor] Raising WakeupException in response to user wakeup
2022-11-20 08:20:13 [SpringApplicationShutdownHook] DEBUG : [Consumer clientId=consumer-resource-processor-2, groupId=resource-processor] Received user wakeup
2022-11-20 08:20:13 [SpringApplicationShutdownHook] DEBUG : [Consumer clientId=consumer-resource-processor-3, groupId=resource-processor] Received user wakeup
2022-11-20 08:20:13 [org.springframework.kafka.KafkaListenerEndpointContainer#0-1-C-1] DEBUG : [Consumer clientId=consumer-resource-processor-2, groupId=resource-processor] Raising WakeupException in response to user wakeup
2022-11-20 08:20:13 [org.springframework.kafka.KafkaListenerEndpointContainer#0-2-C-1] DEBUG : [Consumer clientId=consumer-resource-processor-3, groupId=resource-processor] Raising WakeupException in response to user wakeup
2022-11-20 08:20:13 [org.springframework.kafka.KafkaListenerEndpointContainer#0-1-C-1] DEBUG : Commit list: {}
2022-11-20 08:20:13 [org.springframework.kafka.KafkaListenerEndpointContainer#0-0-C-1] DEBUG : Commit list: {}
2022-11-20 08:20:13 [org.springframework.kafka.KafkaListenerEndpointContainer#0-2-C-1] DEBUG : Commit list: {}
2022-11-20 08:20:13 [org.springframework.kafka.KafkaListenerEndpointContainer#0-1-C-1] DEBUG : [Consumer clientId=consumer-resource-processor-2, groupId=resource-processor] Executing onLeavePrepare with generation Generation{generationId=65, memberId='consumer-resource-processor-2-6d8ad188-c287-4abe-bc8d-f1bc51117247', protocol='range'} and memberId consumer-resource-processor-2-6d8ad188-c287-4abe-bc8d-f1bc51117247
2022-11-20 08:20:13 [org.springframework.kafka.KafkaListenerEndpointContainer#0-1-C-1] INFO  : [Consumer clientId=consumer-resource-processor-2, groupId=resource-processor] Revoke previously assigned partitions resources-1
2022-11-20 08:20:13 [org.springframework.kafka.KafkaListenerEndpointContainer#0-2-C-1] DEBUG : [Consumer clientId=consumer-resource-processor-3, groupId=resource-processor] Executing onLeavePrepare with generation Generation{generationId=65, memberId='consumer-resource-processor-3-adf23548-d504-4524-83ac-8e6fdb43fec2', protocol='range'} and memberId consumer-resource-processor-3-adf23548-d504-4524-83ac-8e6fdb43fec2
2022-11-20 08:20:13 [org.springframework.kafka.KafkaListenerEndpointContainer#0-0-C-1] DEBUG : [Consumer clientId=consumer-resource-processor-1, groupId=resource-processor] Executing onLeavePrepare with generation Generation{generationId=65, memberId='consumer-resource-processor-1-e3de533d-27f2-47be-ba4e-16feb749128b', protocol='range'} and memberId consumer-resource-processor-1-e3de533d-27f2-47be-ba4e-16feb749128b
2022-11-20 08:20:13 [org.springframework.kafka.KafkaListenerEndpointContainer#0-2-C-1] INFO  : [Consumer clientId=consumer-resource-processor-3, groupId=resource-processor] Revoke previously assigned partitions resources-2
2022-11-20 08:20:13 [org.springframework.kafka.KafkaListenerEndpointContainer#0-0-C-1] INFO  : [Consumer clientId=consumer-resource-processor-1, groupId=resource-processor] Revoke previously assigned partitions resources-0
2022-11-20 08:20:13 [org.springframework.kafka.KafkaListenerEndpointContainer#0-0-C-1] INFO  : resource-processor: partitions revoked: [resources-0]
2022-11-20 08:20:13 [org.springframework.kafka.KafkaListenerEndpointContainer#0-1-C-1] INFO  : resource-processor: partitions revoked: [resources-1]
2022-11-20 08:20:13 [org.springframework.kafka.KafkaListenerEndpointContainer#0-2-C-1] INFO  : resource-processor: partitions revoked: [resources-2]
2022-11-20 08:20:13 [org.springframework.kafka.KafkaListenerEndpointContainer#0-0-C-1] DEBUG : Commit list: {}
2022-11-20 08:20:13 [org.springframework.kafka.KafkaListenerEndpointContainer#0-1-C-1] DEBUG : Commit list: {}
2022-11-20 08:20:13 [org.springframework.kafka.KafkaListenerEndpointContainer#0-2-C-1] DEBUG : Commit list: {}
2022-11-20 08:20:13 [org.springframework.kafka.KafkaListenerEndpointContainer#0-0-C-1] INFO  : [Consumer clientId=consumer-resource-processor-1, groupId=resource-processor] Member consumer-resource-processor-1-e3de533d-27f2-47be-ba4e-16feb749128b sending LeaveGroup request to coordinator 192.168.1.104:9092 (id: 2147483647 rack: null) due to the consumer unsubscribed from all topics
2022-11-20 08:20:13 [org.springframework.kafka.KafkaListenerEndpointContainer#0-1-C-1] INFO  : [Consumer clientId=consumer-resource-processor-2, groupId=resource-processor] Member consumer-resource-processor-2-6d8ad188-c287-4abe-bc8d-f1bc51117247 sending LeaveGroup request to coordinator 192.168.1.104:9092 (id: 2147483647 rack: null) due to the consumer unsubscribed from all topics
2022-11-20 08:20:13 [org.springframework.kafka.KafkaListenerEndpointContainer#0-2-C-1] INFO  : [Consumer clientId=consumer-resource-processor-3, groupId=resource-processor] Member consumer-resource-processor-3-adf23548-d504-4524-83ac-8e6fdb43fec2 sending LeaveGroup request to coordinator 192.168.1.104:9092 (id: 2147483647 rack: null) due to the consumer unsubscribed from all topics
2022-11-20 08:20:13 [org.springframework.kafka.KafkaListenerEndpointContainer#0-2-C-1] DEBUG : [Consumer clientId=consumer-resource-processor-3, groupId=resource-processor] Sending LEAVE_GROUP request with header RequestHeader(apiKey=LEAVE_GROUP, apiVersion=4, clientId=consumer-resource-processor-3, correlationId=136) and timeout 30000 to node 2147483647: LeaveGroupRequestData(groupId='resource-processor', memberId='', members=[MemberIdentity(memberId='consumer-resource-processor-3-adf23548-d504-4524-83ac-8e6fdb43fec2', groupInstanceId=null)])
2022-11-20 08:20:13 [org.springframework.kafka.KafkaListenerEndpointContainer#0-1-C-1] DEBUG : [Consumer clientId=consumer-resource-processor-2, groupId=resource-processor] Sending LEAVE_GROUP request with header RequestHeader(apiKey=LEAVE_GROUP, apiVersion=4, clientId=consumer-resource-processor-2, correlationId=132) and timeout 30000 to node 2147483647: LeaveGroupRequestData(groupId='resource-processor', memberId='', members=[MemberIdentity(memberId='consumer-resource-processor-2-6d8ad188-c287-4abe-bc8d-f1bc51117247', groupInstanceId=null)])
2022-11-20 08:20:13 [org.springframework.kafka.KafkaListenerEndpointContainer#0-0-C-1] DEBUG : [Consumer clientId=consumer-resource-processor-1, groupId=resource-processor] Sending LEAVE_GROUP request with header RequestHeader(apiKey=LEAVE_GROUP, apiVersion=4, clientId=consumer-resource-processor-1, correlationId=137) and timeout 30000 to node 2147483647: LeaveGroupRequestData(groupId='resource-processor', memberId='', members=[MemberIdentity(memberId='consumer-resource-processor-1-e3de533d-27f2-47be-ba4e-16feb749128b', groupInstanceId=null)])
2022-11-20 08:20:13 [org.springframework.kafka.KafkaListenerEndpointContainer#0-2-C-1] INFO  : [Consumer clientId=consumer-resource-processor-3, groupId=resource-processor] Resetting generation due to: consumer pro-actively leaving the group
2022-11-20 08:20:13 [org.springframework.kafka.KafkaListenerEndpointContainer#0-1-C-1] INFO  : [Consumer clientId=consumer-resource-processor-2, groupId=resource-processor] Resetting generation due to: consumer pro-actively leaving the group
2022-11-20 08:20:13 [org.springframework.kafka.KafkaListenerEndpointContainer#0-2-C-1] INFO  : [Consumer clientId=consumer-resource-processor-3, groupId=resource-processor] Request joining group due to: consumer pro-actively leaving the group
2022-11-20 08:20:13 [org.springframework.kafka.KafkaListenerEndpointContainer#0-2-C-1] INFO  : [Consumer clientId=consumer-resource-processor-3, groupId=resource-processor] Unsubscribed all topics or patterns and assigned partitions
2022-11-20 08:20:13 [org.springframework.kafka.KafkaListenerEndpointContainer#0-0-C-1] INFO  : [Consumer clientId=consumer-resource-processor-1, groupId=resource-processor] Resetting generation due to: consumer pro-actively leaving the group
2022-11-20 08:20:13 [org.springframework.kafka.KafkaListenerEndpointContainer#0-1-C-1] INFO  : [Consumer clientId=consumer-resource-processor-2, groupId=resource-processor] Request joining group due to: consumer pro-actively leaving the group
2022-11-20 08:20:13 [org.springframework.kafka.KafkaListenerEndpointContainer#0-2-C-1] DEBUG : Shutting down ExecutorService
2022-11-20 08:20:13 [org.springframework.kafka.KafkaListenerEndpointContainer#0-0-C-1] INFO  : [Consumer clientId=consumer-resource-processor-1, groupId=resource-processor] Request joining group due to: consumer pro-actively leaving the group
2022-11-20 08:20:13 [org.springframework.kafka.KafkaListenerEndpointContainer#0-1-C-1] INFO  : [Consumer clientId=consumer-resource-processor-2, groupId=resource-processor] Unsubscribed all topics or patterns and assigned partitions
2022-11-20 08:20:13 [org.springframework.kafka.KafkaListenerEndpointContainer#0-1-C-1] DEBUG : Shutting down ExecutorService
2022-11-20 08:20:13 [kafka-coordinator-heartbeat-thread | resource-processor] DEBUG : [Consumer clientId=consumer-resource-processor-2, groupId=resource-processor] Heartbeat thread has closed
2022-11-20 08:20:13 [org.springframework.kafka.KafkaListenerEndpointContainer#0-0-C-1] INFO  : [Consumer clientId=consumer-resource-processor-1, groupId=resource-processor] Unsubscribed all topics or patterns and assigned partitions
2022-11-20 08:20:13 [kafka-coordinator-heartbeat-thread | resource-processor] DEBUG : [Consumer clientId=consumer-resource-processor-3, groupId=resource-processor] Heartbeat thread has closed
2022-11-20 08:20:13 [org.springframework.kafka.KafkaListenerEndpointContainer#0-0-C-1] DEBUG : Shutting down ExecutorService
2022-11-20 08:20:13 [kafka-coordinator-heartbeat-thread | resource-processor] DEBUG : [Consumer clientId=consumer-resource-processor-1, groupId=resource-processor] Heartbeat thread has closed
2022-11-20 08:20:13 [org.springframework.kafka.KafkaListenerEndpointContainer#0-1-C-1] DEBUG : [Consumer clientId=consumer-resource-processor-2, groupId=resource-processor] Executing onLeavePrepare with generation Generation{generationId=-1, memberId='', protocol='null'} and memberId 
2022-11-20 08:20:13 [org.springframework.kafka.KafkaListenerEndpointContainer#0-1-C-1] INFO  : [Consumer clientId=consumer-resource-processor-2, groupId=resource-processor] Resetting generation due to: consumer pro-actively leaving the group
2022-11-20 08:20:13 [org.springframework.kafka.KafkaListenerEndpointContainer#0-0-C-1] DEBUG : [Consumer clientId=consumer-resource-processor-1, groupId=resource-processor] Executing onLeavePrepare with generation Generation{generationId=-1, memberId='', protocol='null'} and memberId 
2022-11-20 08:20:13 [org.springframework.kafka.KafkaListenerEndpointContainer#0-2-C-1] DEBUG : [Consumer clientId=consumer-resource-processor-3, groupId=resource-processor] Executing onLeavePrepare with generation Generation{generationId=-1, memberId='', protocol='null'} and memberId 
2022-11-20 08:20:13 [org.springframework.kafka.KafkaListenerEndpointContainer#0-1-C-1] INFO  : [Consumer clientId=consumer-resource-processor-2, groupId=resource-processor] Request joining group due to: consumer pro-actively leaving the group
2022-11-20 08:20:13 [org.springframework.kafka.KafkaListenerEndpointContainer#0-0-C-1] INFO  : [Consumer clientId=consumer-resource-processor-1, groupId=resource-processor] Resetting generation due to: consumer pro-actively leaving the group
2022-11-20 08:20:13 [org.springframework.kafka.KafkaListenerEndpointContainer#0-0-C-1] INFO  : [Consumer clientId=consumer-resource-processor-1, groupId=resource-processor] Request joining group due to: consumer pro-actively leaving the group
2022-11-20 08:20:13 [org.springframework.kafka.KafkaListenerEndpointContainer#0-1-C-1] DEBUG : [Consumer clientId=consumer-resource-processor-2, groupId=resource-processor] Received LEAVE_GROUP response from node 2147483647 for request with header RequestHeader(apiKey=LEAVE_GROUP, apiVersion=4, clientId=consumer-resource-processor-2, correlationId=132): LeaveGroupResponseData(throttleTimeMs=0, errorCode=0, members=[MemberResponse(memberId='consumer-resource-processor-2-6d8ad188-c287-4abe-bc8d-f1bc51117247', groupInstanceId=null, errorCode=0)])
2022-11-20 08:20:13 [org.springframework.kafka.KafkaListenerEndpointContainer#0-1-C-1] DEBUG : [Consumer clientId=consumer-resource-processor-2, groupId=resource-processor] LeaveGroup response with Generation{generationId=65, memberId='consumer-resource-processor-2-6d8ad188-c287-4abe-bc8d-f1bc51117247', protocol='range'} returned successfully: ClientResponse(receivedTimeMs=1668914413014, latencyMs=4, disconnected=false, requestHeader=RequestHeader(apiKey=LEAVE_GROUP, apiVersion=4, clientId=consumer-resource-processor-2, correlationId=132), responseBody=LeaveGroupResponseData(throttleTimeMs=0, errorCode=0, members=[MemberResponse(memberId='consumer-resource-processor-2-6d8ad188-c287-4abe-bc8d-f1bc51117247', groupInstanceId=null, errorCode=0)]))
2022-11-20 08:20:13 [org.springframework.kafka.KafkaListenerEndpointContainer#0-2-C-1] INFO  : [Consumer clientId=consumer-resource-processor-3, groupId=resource-processor] Resetting generation due to: consumer pro-actively leaving the group
2022-11-20 08:20:13 [org.springframework.kafka.KafkaListenerEndpointContainer#0-2-C-1] INFO  : [Consumer clientId=consumer-resource-processor-3, groupId=resource-processor] Request joining group due to: consumer pro-actively leaving the group
2022-11-20 08:20:13 [org.springframework.kafka.KafkaListenerEndpointContainer#0-0-C-1] DEBUG : [Consumer clientId=consumer-resource-processor-1, groupId=resource-processor] Received LEAVE_GROUP response from node 2147483647 for request with header RequestHeader(apiKey=LEAVE_GROUP, apiVersion=4, clientId=consumer-resource-processor-1, correlationId=137): LeaveGroupResponseData(throttleTimeMs=0, errorCode=0, members=[MemberResponse(memberId='consumer-resource-processor-1-e3de533d-27f2-47be-ba4e-16feb749128b', groupInstanceId=null, errorCode=0)])
2022-11-20 08:20:13 [org.springframework.kafka.KafkaListenerEndpointContainer#0-0-C-1] DEBUG : [Consumer clientId=consumer-resource-processor-1, groupId=resource-processor] LeaveGroup response with Generation{generationId=65, memberId='consumer-resource-processor-1-e3de533d-27f2-47be-ba4e-16feb749128b', protocol='range'} returned successfully: ClientResponse(receivedTimeMs=1668914413015, latencyMs=5, disconnected=false, requestHeader=RequestHeader(apiKey=LEAVE_GROUP, apiVersion=4, clientId=consumer-resource-processor-1, correlationId=137), responseBody=LeaveGroupResponseData(throttleTimeMs=0, errorCode=0, members=[MemberResponse(memberId='consumer-resource-processor-1-e3de533d-27f2-47be-ba4e-16feb749128b', groupInstanceId=null, errorCode=0)]))
2022-11-20 08:20:13 [org.springframework.kafka.KafkaListenerEndpointContainer#0-2-C-1] DEBUG : [Consumer clientId=consumer-resource-processor-3, groupId=resource-processor] Received LEAVE_GROUP response from node 2147483647 for request with header RequestHeader(apiKey=LEAVE_GROUP, apiVersion=4, clientId=consumer-resource-processor-3, correlationId=136): LeaveGroupResponseData(throttleTimeMs=0, errorCode=0, members=[MemberResponse(memberId='consumer-resource-processor-3-adf23548-d504-4524-83ac-8e6fdb43fec2', groupInstanceId=null, errorCode=0)])
2022-11-20 08:20:13 [org.springframework.kafka.KafkaListenerEndpointContainer#0-2-C-1] DEBUG : [Consumer clientId=consumer-resource-processor-3, groupId=resource-processor] LeaveGroup response with Generation{generationId=65, memberId='consumer-resource-processor-3-adf23548-d504-4524-83ac-8e6fdb43fec2', protocol='range'} returned successfully: ClientResponse(receivedTimeMs=1668914413015, latencyMs=5, disconnected=false, requestHeader=RequestHeader(apiKey=LEAVE_GROUP, apiVersion=4, clientId=consumer-resource-processor-3, correlationId=136), responseBody=LeaveGroupResponseData(throttleTimeMs=0, errorCode=0, members=[MemberResponse(memberId='consumer-resource-processor-3-adf23548-d504-4524-83ac-8e6fdb43fec2', groupInstanceId=null, errorCode=0)]))
2022-11-20 08:20:13 [org.springframework.kafka.KafkaListenerEndpointContainer#0-0-C-1] INFO  : Metrics scheduler closed
2022-11-20 08:20:13 [org.springframework.kafka.KafkaListenerEndpointContainer#0-0-C-1] INFO  : Closing reporter org.apache.kafka.common.metrics.JmxReporter
2022-11-20 08:20:13 [org.springframework.kafka.KafkaListenerEndpointContainer#0-0-C-1] INFO  : Metrics reporters closed
2022-11-20 08:20:13 [org.springframework.kafka.KafkaListenerEndpointContainer#0-2-C-1] INFO  : Metrics scheduler closed
2022-11-20 08:20:13 [org.springframework.kafka.KafkaListenerEndpointContainer#0-1-C-1] INFO  : Metrics scheduler closed
2022-11-20 08:20:13 [org.springframework.kafka.KafkaListenerEndpointContainer#0-2-C-1] INFO  : Closing reporter org.apache.kafka.common.metrics.JmxReporter
2022-11-20 08:20:13 [org.springframework.kafka.KafkaListenerEndpointContainer#0-1-C-1] INFO  : Closing reporter org.apache.kafka.common.metrics.JmxReporter
2022-11-20 08:20:13 [org.springframework.kafka.KafkaListenerEndpointContainer#0-2-C-1] INFO  : Metrics reporters closed
2022-11-20 08:20:13 [org.springframework.kafka.KafkaListenerEndpointContainer#0-1-C-1] INFO  : Metrics reporters closed
2022-11-20 08:20:13 [org.springframework.kafka.KafkaListenerEndpointContainer#0-0-C-1] INFO  : App info kafka.consumer for consumer-resource-processor-1 unregistered
2022-11-20 08:20:13 [org.springframework.kafka.KafkaListenerEndpointContainer#0-0-C-1] DEBUG : [Consumer clientId=consumer-resource-processor-1, groupId=resource-processor] Kafka consumer has been closed
2022-11-20 08:20:13 [org.springframework.kafka.KafkaListenerEndpointContainer#0-0-C-1] INFO  : resource-processor: Consumer stopped
2022-11-20 08:20:13 [org.springframework.kafka.KafkaListenerEndpointContainer#0-0-C-1] DEBUG : KafkaMessageListenerContainer [id=org.springframework.kafka.KafkaListenerEndpointContainer#0-0, clientIndex=-0, topicPartitions=[]] stopped normally
2022-11-20 08:20:13 [org.springframework.kafka.KafkaListenerEndpointContainer#0-1-C-1] INFO  : App info kafka.consumer for consumer-resource-processor-2 unregistered
2022-11-20 08:20:13 [org.springframework.kafka.KafkaListenerEndpointContainer#0-1-C-1] DEBUG : [Consumer clientId=consumer-resource-processor-2, groupId=resource-processor] Kafka consumer has been closed
2022-11-20 08:20:13 [org.springframework.kafka.KafkaListenerEndpointContainer#0-1-C-1] INFO  : resource-processor: Consumer stopped
2022-11-20 08:20:13 [org.springframework.kafka.KafkaListenerEndpointContainer#0-1-C-1] DEBUG : KafkaMessageListenerContainer [id=org.springframework.kafka.KafkaListenerEndpointContainer#0-1, clientIndex=-1, topicPartitions=[]] stopped normally
2022-11-20 08:20:13 [org.springframework.kafka.KafkaListenerEndpointContainer#0-2-C-1] INFO  : App info kafka.consumer for consumer-resource-processor-3 unregistered
2022-11-20 08:20:13 [org.springframework.kafka.KafkaListenerEndpointContainer#0-2-C-1] DEBUG : [Consumer clientId=consumer-resource-processor-3, groupId=resource-processor] Kafka consumer has been closed
2022-11-20 08:20:13 [org.springframework.kafka.KafkaListenerEndpointContainer#0-2-C-1] INFO  : resource-processor: Consumer stopped
2022-11-20 08:20:13 [org.springframework.kafka.KafkaListenerEndpointContainer#0-2-C-1] DEBUG : KafkaMessageListenerContainer [id=org.springframework.kafka.KafkaListenerEndpointContainer#0-2, clientIndex=-2, topicPartitions=[]] stopped normally
2022-11-20 08:20:13 [SpringApplicationShutdownHook] DEBUG : Stopping beans in phase -2147483647
2022-11-20 08:20:13 [org.springframework.kafka.KafkaListenerEndpointContainer#0-2-C-1] DEBUG : Bean 'org.springframework.kafka.config.internalKafkaListenerEndpointRegistry' completed its stop procedure
2022-11-20 08:20:13 [SpringApplicationShutdownHook] DEBUG : Bean 'springBootLoggingLifecycle' completed its stop procedure
