2022-11-20 08:12:45 [main] DEBUG : Creating shared instance of singleton bean 'propertySourcesPlaceholderConfigurer'
2022-11-20 08:12:45 [main] DEBUG : Creating shared instance of singleton bean 'org.springframework.boot.sql.init.dependency.DatabaseInitializationDependencyConfigurer$DependsOnDatabaseInitializationPostProcessor'
2022-11-20 08:12:45 [main] DEBUG : Creating shared instance of singleton bean 'org.springframework.context.event.internalEventListenerProcessor'
2022-11-20 08:12:45 [main] DEBUG : Creating shared instance of singleton bean 'forceAutoProxyCreatorToUseClassProxying'
2022-11-20 08:12:45 [main] DEBUG : Creating shared instance of singleton bean 'org.springframework.context.event.internalEventListenerFactory'
2022-11-20 08:12:45 [main] DEBUG : Creating shared instance of singleton bean 'org.springframework.context.annotation.internalAutowiredAnnotationProcessor'
2022-11-20 08:12:45 [main] DEBUG : Creating shared instance of singleton bean 'org.springframework.context.annotation.internalCommonAnnotationProcessor'
2022-11-20 08:12:45 [main] DEBUG : Creating shared instance of singleton bean 'org.springframework.boot.context.properties.ConfigurationPropertiesBindingPostProcessor'
2022-11-20 08:12:45 [main] DEBUG : Creating shared instance of singleton bean 'org.springframework.boot.context.internalConfigurationPropertiesBinder'
2022-11-20 08:12:45 [main] DEBUG : Creating shared instance of singleton bean 'org.springframework.boot.context.internalConfigurationPropertiesBinderFactory'
2022-11-20 08:12:45 [main] DEBUG : Creating shared instance of singleton bean 'org.springframework.kafka.config.internalKafkaListenerAnnotationProcessor'
2022-11-20 08:12:45 [main] DEBUG : Creating shared instance of singleton bean 'persistenceExceptionTranslationPostProcessor'
2022-11-20 08:12:45 [main] DEBUG : Autowiring by type from bean name 'persistenceExceptionTranslationPostProcessor' via factory method to bean named 'environment'
2022-11-20 08:12:45 [main] DEBUG : Creating shared instance of singleton bean 'org.springframework.aop.config.internalAutoProxyCreator'
2022-11-20 08:12:45 [main] DEBUG : Creating shared instance of singleton bean 'webServerFactoryCustomizerBeanPostProcessor'
2022-11-20 08:12:45 [main] DEBUG : Creating shared instance of singleton bean 'nettyReactiveWebServerFactory'
2022-11-20 08:12:45 [main] DEBUG : Creating shared instance of singleton bean 'org.springframework.boot.autoconfigure.web.reactive.ReactiveWebServerFactoryConfiguration$EmbeddedNetty'
2022-11-20 08:12:45 [main] DEBUG : Creating shared instance of singleton bean 'reactorServerResourceFactory'
2022-11-20 08:12:45 [main] DEBUG : Using Slf4j logging framework
2022-11-20 08:12:45 [main] DEBUG : Using SLF4J as the default logging framework
2022-11-20 08:12:45 [main] DEBUG : -Dio.netty.noUnsafe: false
2022-11-20 08:12:45 [main] DEBUG : Java version: 11
2022-11-20 08:12:45 [main] DEBUG : sun.misc.Unsafe.theUnsafe: available
2022-11-20 08:12:45 [main] DEBUG : sun.misc.Unsafe.copyMemory: available
2022-11-20 08:12:45 [main] DEBUG : sun.misc.Unsafe.storeFence: available
2022-11-20 08:12:45 [main] DEBUG : java.nio.Buffer.address: available
2022-11-20 08:12:45 [main] DEBUG : direct buffer constructor: unavailable: Reflective setAccessible(true) disabled
2022-11-20 08:12:45 [main] DEBUG : java.nio.Bits.unaligned: available, true
2022-11-20 08:12:45 [main] DEBUG : jdk.internal.misc.Unsafe.allocateUninitializedArray(int): unavailable: class io.netty.util.internal.PlatformDependent0$7 cannot access class jdk.internal.misc.Unsafe (in module java.base) because module java.base does not export jdk.internal.misc to unnamed module @2c43eb8
2022-11-20 08:12:45 [main] DEBUG : java.nio.DirectByteBuffer.<init>(long, int): unavailable
2022-11-20 08:12:45 [main] DEBUG : sun.misc.Unsafe: available
2022-11-20 08:12:45 [main] DEBUG : maxDirectMemory: 8589934592 bytes (maybe)
2022-11-20 08:12:45 [main] DEBUG : -Dio.netty.tmpdir: /var/folders/d6/pnxnxkwx6k78txwskn_k1n280000gn/T (java.io.tmpdir)
2022-11-20 08:12:45 [main] DEBUG : -Dio.netty.bitMode: 64 (sun.arch.data.model)
2022-11-20 08:12:45 [main] DEBUG : Platform: MacOS
2022-11-20 08:12:45 [main] DEBUG : -Dio.netty.maxDirectMemory: -1 bytes
2022-11-20 08:12:45 [main] DEBUG : -Dio.netty.uninitializedArrayAllocationThreshold: -1
2022-11-20 08:12:45 [main] DEBUG : java.nio.ByteBuffer.cleaner(): available
2022-11-20 08:12:45 [main] DEBUG : -Dio.netty.noPreferDirect: false
2022-11-20 08:12:45 [main] DEBUG : [http] resources will use the default LoopResources: DefaultLoopResources {prefix=reactor-http, daemon=true, selectCount=8, workerCount=8}
2022-11-20 08:12:45 [main] DEBUG : [http] resources will use the default ConnectionProvider: reactor.netty.resources.DefaultPooledConnectionProvider@a137d7a
2022-11-20 08:12:45 [main] DEBUG : Autowiring by type from bean name 'nettyReactiveWebServerFactory' via factory method to bean named 'reactorServerResourceFactory'
2022-11-20 08:12:45 [main] DEBUG : Creating shared instance of singleton bean 'reactiveWebServerFactoryCustomizer'
2022-11-20 08:12:45 [main] DEBUG : Creating shared instance of singleton bean 'org.springframework.boot.autoconfigure.web.reactive.ReactiveWebServerFactoryAutoConfiguration'
2022-11-20 08:12:45 [main] DEBUG : Creating shared instance of singleton bean 'server-org.springframework.boot.autoconfigure.web.ServerProperties'
2022-11-20 08:12:45 [main] DEBUG : Creating shared instance of singleton bean 'org.springframework.boot.context.properties.BoundConfigurationProperties'
2022-11-20 08:12:45 [main] DEBUG : Autowiring by type from bean name 'reactiveWebServerFactoryCustomizer' via factory method to bean named 'server-org.springframework.boot.autoconfigure.web.ServerProperties'
2022-11-20 08:12:45 [main] DEBUG : Creating shared instance of singleton bean 'nettyWebServerFactoryCustomizer'
2022-11-20 08:12:45 [main] DEBUG : Creating shared instance of singleton bean 'org.springframework.boot.autoconfigure.web.embedded.EmbeddedWebServerFactoryCustomizerAutoConfiguration$NettyWebServerFactoryCustomizerConfiguration'
2022-11-20 08:12:45 [main] DEBUG : Autowiring by type from bean name 'nettyWebServerFactoryCustomizer' via factory method to bean named 'environment'
2022-11-20 08:12:45 [main] DEBUG : Autowiring by type from bean name 'nettyWebServerFactoryCustomizer' via factory method to bean named 'server-org.springframework.boot.autoconfigure.web.ServerProperties'
2022-11-20 08:12:45 [main] DEBUG : -Dio.netty.threadLocalMap.stringBuilder.initialSize: 1024
2022-11-20 08:12:45 [main] DEBUG : -Dio.netty.threadLocalMap.stringBuilder.maxSize: 4096
2022-11-20 08:12:45 [main] DEBUG : -Dio.netty.leakDetection.level: simple
2022-11-20 08:12:45 [main] DEBUG : -Dio.netty.leakDetection.targetRecords: 4
2022-11-20 08:12:45 [main] DEBUG : Creating shared instance of singleton bean 'resourceProcessorApplication'
2022-11-20 08:12:45 [main] DEBUG : Creating shared instance of singleton bean 'kafkaConfiguration'
2022-11-20 08:12:45 [main] DEBUG : Found key 'kafka.bootstrap-servers' in PropertySource 'environmentProperties' with value of type String
2022-11-20 08:12:45 [main] DEBUG : Found key 'kafka.consumer.concurrency' in PropertySource 'environmentProperties' with value of type String
2022-11-20 08:12:45 [main] DEBUG : Creating shared instance of singleton bean 'resourceServiceClientConfiguration'
2022-11-20 08:12:45 [main] DEBUG : Found key 'resource-service.endpoint' in PropertySource 'environmentProperties' with value of type String
2022-11-20 08:12:45 [main] DEBUG : Found key 'web-client.connection.timeout' in PropertySource 'environmentProperties' with value of type String
2022-11-20 08:12:45 [main] DEBUG : Found key 'web-client.response.timeout' in PropertySource 'environmentProperties' with value of type String
2022-11-20 08:12:45 [main] DEBUG : Found key 'web-client.read.timeout' in PropertySource 'environmentProperties' with value of type String
2022-11-20 08:12:45 [main] DEBUG : Found key 'web-client.write.timeout' in PropertySource 'environmentProperties' with value of type String
2022-11-20 08:12:45 [main] DEBUG : Creating shared instance of singleton bean 'songServiceClientConfiguration'
2022-11-20 08:12:45 [main] DEBUG : Found key 'song-service.endpoint' in PropertySource 'environmentProperties' with value of type String
2022-11-20 08:12:45 [main] DEBUG : Found key 'web-client.connection.timeout' in PropertySource 'environmentProperties' with value of type String
2022-11-20 08:12:45 [main] DEBUG : Found key 'web-client.response.timeout' in PropertySource 'environmentProperties' with value of type String
2022-11-20 08:12:45 [main] DEBUG : Found key 'web-client.read.timeout' in PropertySource 'environmentProperties' with value of type String
2022-11-20 08:12:45 [main] DEBUG : Found key 'web-client.write.timeout' in PropertySource 'environmentProperties' with value of type String
2022-11-20 08:12:45 [main] DEBUG : Creating shared instance of singleton bean 'kafkaManager'
2022-11-20 08:12:45 [main] DEBUG : Creating shared instance of singleton bean 'resourceProcessorService'
2022-11-20 08:12:45 [main] DEBUG : Creating shared instance of singleton bean 'resourceRecordValidator'
2022-11-20 08:12:45 [main] DEBUG : Creating shared instance of singleton bean 'resourceServiceClient'
