2022-11-20 10:59:28 [main] INFO  : Starting ResourceProcessorApplication using Java 11.0.16 on EPUZTASW007D with PID 15268 (/Users/Yusuf_Murodov/Local/epam/traning/microservices/resource-processor/build/classes/java/main started by Yusuf_Murodov in /Users/Yusuf_Murodov/Local/epam/traning/microservices/resource-processor)
2022-11-20 10:59:28 [main] DEBUG : Running with Spring Boot v2.7.4, Spring v5.3.23
2022-11-20 10:59:28 [main] INFO  : No active profile set, falling back to 1 default profile: "default"
2022-11-20 10:59:28 [main] DEBUG : Loading source class com.epam.training.microservicefoundation.resourceprocessor.ResourceProcessorApplication
2022-11-20 10:59:28 [main] DEBUG : Refreshing org.springframework.boot.web.reactive.context.AnnotationConfigReactiveWebServerApplicationContext@4097cac
2022-11-20 10:59:28 [main] DEBUG : Creating shared instance of singleton bean 'org.springframework.context.annotation.internalConfigurationAnnotationProcessor'
2022-11-20 10:59:28 [main] DEBUG : Creating shared instance of singleton bean 'org.springframework.boot.autoconfigure.internalCachingMetadataReaderFactory'
2022-11-20 10:59:28 [main] DEBUG : Identified candidate component class: file [/Users/Yusuf_Murodov/Local/epam/traning/microservices/resource-processor/build/classes/java/main/com/epam/training/microservicefoundation/resourceprocessor/configuration/KafkaConfiguration.class]
2022-11-20 10:59:28 [main] DEBUG : Identified candidate component class: file [/Users/Yusuf_Murodov/Local/epam/traning/microservices/resource-processor/build/classes/java/main/com/epam/training/microservicefoundation/resourceprocessor/configuration/ResourceServiceClientConfiguration.class]
2022-11-20 10:59:28 [main] DEBUG : Identified candidate component class: file [/Users/Yusuf_Murodov/Local/epam/traning/microservices/resource-processor/build/classes/java/main/com/epam/training/microservicefoundation/resourceprocessor/configuration/SongServiceClientConfiguration.class]
2022-11-20 10:59:28 [main] DEBUG : Identified candidate component class: file [/Users/Yusuf_Murodov/Local/epam/traning/microservices/resource-processor/build/classes/java/main/com/epam/training/microservicefoundation/resourceprocessor/service/KafkaManager.class]
2022-11-20 10:59:28 [main] DEBUG : Identified candidate component class: file [/Users/Yusuf_Murodov/Local/epam/traning/microservices/resource-processor/build/classes/java/main/com/epam/training/microservicefoundation/resourceprocessor/service/ResourceProcessorService.class]
2022-11-20 10:59:28 [main] DEBUG : Identified candidate component class: file [/Users/Yusuf_Murodov/Local/epam/traning/microservices/resource-processor/build/classes/java/main/com/epam/training/microservicefoundation/resourceprocessor/service/ResourceRecordValidator.class]
2022-11-20 10:59:28 [main] DEBUG : Creating shared instance of singleton bean 'propertySourcesPlaceholderConfigurer'
2022-11-20 10:59:28 [main] DEBUG : Creating shared instance of singleton bean 'org.springframework.boot.sql.init.dependency.DatabaseInitializationDependencyConfigurer$DependsOnDatabaseInitializationPostProcessor'
2022-11-20 10:59:28 [main] DEBUG : Creating shared instance of singleton bean 'org.springframework.context.event.internalEventListenerProcessor'
2022-11-20 10:59:28 [main] DEBUG : Creating shared instance of singleton bean 'forceAutoProxyCreatorToUseClassProxying'
2022-11-20 10:59:28 [main] DEBUG : Creating shared instance of singleton bean 'org.springframework.context.event.internalEventListenerFactory'
2022-11-20 10:59:28 [main] DEBUG : Creating shared instance of singleton bean 'org.springframework.context.annotation.internalAutowiredAnnotationProcessor'
2022-11-20 10:59:28 [main] DEBUG : Creating shared instance of singleton bean 'org.springframework.context.annotation.internalCommonAnnotationProcessor'
2022-11-20 10:59:28 [main] DEBUG : Creating shared instance of singleton bean 'org.springframework.boot.context.properties.ConfigurationPropertiesBindingPostProcessor'
2022-11-20 10:59:28 [main] DEBUG : Creating shared instance of singleton bean 'org.springframework.boot.context.internalConfigurationPropertiesBinder'
2022-11-20 10:59:28 [main] DEBUG : Creating shared instance of singleton bean 'org.springframework.boot.context.internalConfigurationPropertiesBinderFactory'
2022-11-20 10:59:28 [main] DEBUG : Creating shared instance of singleton bean 'org.springframework.kafka.config.internalKafkaListenerAnnotationProcessor'
2022-11-20 10:59:28 [main] DEBUG : Creating shared instance of singleton bean 'persistenceExceptionTranslationPostProcessor'
2022-11-20 10:59:28 [main] DEBUG : Autowiring by type from bean name 'persistenceExceptionTranslationPostProcessor' via factory method to bean named 'environment'
2022-11-20 10:59:28 [main] DEBUG : Creating shared instance of singleton bean 'org.springframework.aop.config.internalAutoProxyCreator'
2022-11-20 10:59:28 [main] DEBUG : Creating shared instance of singleton bean 'webServerFactoryCustomizerBeanPostProcessor'
2022-11-20 10:59:28 [main] DEBUG : Creating shared instance of singleton bean 'nettyReactiveWebServerFactory'
2022-11-20 10:59:28 [main] DEBUG : Creating shared instance of singleton bean 'org.springframework.boot.autoconfigure.web.reactive.ReactiveWebServerFactoryConfiguration$EmbeddedNetty'
2022-11-20 10:59:28 [main] DEBUG : Creating shared instance of singleton bean 'reactorServerResourceFactory'
2022-11-20 10:59:28 [main] DEBUG : Using Slf4j logging framework
