2022-11-20 11:01:04 [org.springframework.kafka.KafkaListenerEndpointContainer#0-2-C-1] DEBUG : [Consumer clientId=consumer-resource-processor-3, groupId=resource-processor] Received FETCH response from node 1 for request with header RequestHeader(apiKey=FETCH, apiVersion=13, clientId=consumer-resource-processor-3, correlationId=222): FetchResponseData(throttleTimeMs=0, errorCode=0, sessionId=1239276645, responses=[])
2022-11-20 11:01:04 [org.springframework.kafka.KafkaListenerEndpointContainer#0-0-C-1] DEBUG : [Consumer clientId=consumer-resource-processor-1, groupId=resource-processor] Received FETCH response from node 1 for request with header RequestHeader(apiKey=FETCH, apiVersion=13, clientId=consumer-resource-processor-1, correlationId=217): FetchResponseData(throttleTimeMs=0, errorCode=0, sessionId=1030363360, responses=[])
2022-11-20 11:01:04 [org.springframework.kafka.KafkaListenerEndpointContainer#0-2-C-1] DEBUG : [Consumer clientId=consumer-resource-processor-3, groupId=resource-processor] Node 1 sent an incremental fetch response with throttleTimeMs = 0 for session 1239276645 with 0 response partition(s), 1 implied partition(s)
2022-11-20 11:01:04 [org.springframework.kafka.KafkaListenerEndpointContainer#0-0-C-1] DEBUG : [Consumer clientId=consumer-resource-processor-1, groupId=resource-processor] Node 1 sent an incremental fetch response with throttleTimeMs = 0 for session 1030363360 with 0 response partition(s), 1 implied partition(s)
2022-11-20 11:01:04 [org.springframework.kafka.KafkaListenerEndpointContainer#0-0-C-1] DEBUG : [Consumer clientId=consumer-resource-processor-1, groupId=resource-processor] Added READ_COMMITTED fetch request for partition resources-0 at position FetchPosition{offset=14, offsetEpoch=Optional[24], currentLeader=LeaderAndEpoch{leader=Optional[192.168.1.104:9093 (id: 1 rack: null)], epoch=24}} to node 192.168.1.104:9093 (id: 1 rack: null)
2022-11-20 11:01:04 [org.springframework.kafka.KafkaListenerEndpointContainer#0-2-C-1] DEBUG : [Consumer clientId=consumer-resource-processor-3, groupId=resource-processor] Added READ_COMMITTED fetch request for partition resources-2 at position FetchPosition{offset=3, offsetEpoch=Optional.empty, currentLeader=LeaderAndEpoch{leader=Optional[192.168.1.104:9093 (id: 1 rack: null)], epoch=22}} to node 192.168.1.104:9093 (id: 1 rack: null)
2022-11-20 11:01:04 [org.springframework.kafka.KafkaListenerEndpointContainer#0-0-C-1] DEBUG : [Consumer clientId=consumer-resource-processor-1, groupId=resource-processor] Built incremental fetch (sessionId=1030363360, epoch=178) for node 1. Added 0 partition(s), altered 0 partition(s), removed 0 partition(s), replaced 0 partition(s) out of 1 partition(s)
2022-11-20 11:01:04 [org.springframework.kafka.KafkaListenerEndpointContainer#0-2-C-1] DEBUG : [Consumer clientId=consumer-resource-processor-3, groupId=resource-processor] Built incremental fetch (sessionId=1239276645, epoch=184) for node 1. Added 0 partition(s), altered 0 partition(s), removed 0 partition(s), replaced 0 partition(s) out of 1 partition(s)
2022-11-20 11:01:04 [org.springframework.kafka.KafkaListenerEndpointContainer#0-0-C-1] DEBUG : [Consumer clientId=consumer-resource-processor-1, groupId=resource-processor] Sending READ_COMMITTED IncrementalFetchRequest(toSend=(), toForget=(), toReplace=(), implied=(resources-0), canUseTopicIds=True) to broker 192.168.1.104:9093 (id: 1 rack: null)
2022-11-20 11:01:04 [org.springframework.kafka.KafkaListenerEndpointContainer#0-2-C-1] DEBUG : [Consumer clientId=consumer-resource-processor-3, groupId=resource-processor] Sending READ_COMMITTED IncrementalFetchRequest(toSend=(), toForget=(), toReplace=(), implied=(resources-2), canUseTopicIds=True) to broker 192.168.1.104:9093 (id: 1 rack: null)
2022-11-20 11:01:04 [org.springframework.kafka.KafkaListenerEndpointContainer#0-0-C-1] DEBUG : [Consumer clientId=consumer-resource-processor-1, groupId=resource-processor] Sending FETCH request with header RequestHeader(apiKey=FETCH, apiVersion=13, clientId=consumer-resource-processor-1, correlationId=218) and timeout 30000 to node 1: FetchRequestData(clusterId=null, replicaId=-1, maxWaitMs=500, minBytes=1, maxBytes=52428800, isolationLevel=1, sessionId=1030363360, sessionEpoch=178, topics=[], forgottenTopicsData=[], rackId='')
2022-11-20 11:01:04 [org.springframework.kafka.KafkaListenerEndpointContainer#0-2-C-1] DEBUG : [Consumer clientId=consumer-resource-processor-3, groupId=resource-processor] Sending FETCH request with header RequestHeader(apiKey=FETCH, apiVersion=13, clientId=consumer-resource-processor-3, correlationId=223) and timeout 30000 to node 1: FetchRequestData(clusterId=null, replicaId=-1, maxWaitMs=500, minBytes=1, maxBytes=52428800, isolationLevel=1, sessionId=1239276645, sessionEpoch=184, topics=[], forgottenTopicsData=[], rackId='')
2022-11-20 11:01:04 [org.springframework.kafka.KafkaListenerEndpointContainer#0-1-C-1] DEBUG : [Consumer clientId=consumer-resource-processor-2, groupId=resource-processor] Received FETCH response from node 1 for request with header RequestHeader(apiKey=FETCH, apiVersion=13, clientId=consumer-resource-processor-2, correlationId=223): FetchResponseData(throttleTimeMs=0, errorCode=0, sessionId=1497219901, responses=[])
2022-11-20 11:01:04 [org.springframework.kafka.KafkaListenerEndpointContainer#0-1-C-1] DEBUG : [Consumer clientId=consumer-resource-processor-2, groupId=resource-processor] Node 1 sent an incremental fetch response with throttleTimeMs = 0 for session 1497219901 with 0 response partition(s), 1 implied partition(s)
2022-11-20 11:01:04 [org.springframework.kafka.KafkaListenerEndpointContainer#0-1-C-1] DEBUG : [Consumer clientId=consumer-resource-processor-2, groupId=resource-processor] Added READ_COMMITTED fetch request for partition resources-1 at position FetchPosition{offset=10, offsetEpoch=Optional[25], currentLeader=LeaderAndEpoch{leader=Optional[192.168.1.104:9093 (id: 1 rack: null)], epoch=25}} to node 192.168.1.104:9093 (id: 1 rack: null)
2022-11-20 11:01:04 [org.springframework.kafka.KafkaListenerEndpointContainer#0-1-C-1] DEBUG : [Consumer clientId=consumer-resource-processor-2, groupId=resource-processor] Built incremental fetch (sessionId=1497219901, epoch=185) for node 1. Added 0 partition(s), altered 0 partition(s), removed 0 partition(s), replaced 0 partition(s) out of 1 partition(s)
2022-11-20 11:01:04 [org.springframework.kafka.KafkaListenerEndpointContainer#0-1-C-1] DEBUG : [Consumer clientId=consumer-resource-processor-2, groupId=resource-processor] Sending READ_COMMITTED IncrementalFetchRequest(toSend=(), toForget=(), toReplace=(), implied=(resources-1), canUseTopicIds=True) to broker 192.168.1.104:9093 (id: 1 rack: null)
2022-11-20 11:01:04 [org.springframework.kafka.KafkaListenerEndpointContainer#0-1-C-1] DEBUG : [Consumer clientId=consumer-resource-processor-2, groupId=resource-processor] Sending FETCH request with header RequestHeader(apiKey=FETCH, apiVersion=13, clientId=consumer-resource-processor-2, correlationId=224) and timeout 30000 to node 1: FetchRequestData(clusterId=null, replicaId=-1, maxWaitMs=500, minBytes=1, maxBytes=52428800, isolationLevel=1, sessionId=1497219901, sessionEpoch=185, topics=[], forgottenTopicsData=[], rackId='')
2022-11-20 11:01:04 [SpringApplicationShutdownHook] DEBUG : Application availability state ReadinessState changed from ACCEPTING_TRAFFIC to REFUSING_TRAFFIC
2022-11-20 11:01:04 [SpringApplicationShutdownHook] DEBUG : Closing org.springframework.boot.web.reactive.context.AnnotationConfigReactiveWebServerApplicationContext@4097cac, started on Sun Nov 20 10:59:28 UZT 2022
2022-11-20 11:01:04 [SpringApplicationShutdownHook] DEBUG : Stopping beans in phase 2147483647
2022-11-20 11:01:04 [SpringApplicationShutdownHook] DEBUG : Bean 'webServerGracefulShutdown' completed its stop procedure
2022-11-20 11:01:04 [kafka-coordinator-heartbeat-thread | resource-processor] DEBUG : [Consumer clientId=consumer-resource-processor-2, groupId=resource-processor] Sending Heartbeat request with generation 67 and member id consumer-resource-processor-2-16c932bd-0945-4d88-ba6d-f602dc03f6ae to coordinator 192.168.1.104:9092 (id: 2147483647 rack: null)
2022-11-20 11:01:04 [kafka-coordinator-heartbeat-thread | resource-processor] DEBUG : [Consumer clientId=consumer-resource-processor-3, groupId=resource-processor] Sending Heartbeat request with generation 67 and member id consumer-resource-processor-3-569c436c-7dab-44b9-a29a-4ea3e3eecd6d to coordinator 192.168.1.104:9092 (id: 2147483647 rack: null)
2022-11-20 11:01:04 [SpringApplicationShutdownHook] DEBUG : Stopping beans in phase 2147483646
2022-11-20 11:01:04 [kafka-coordinator-heartbeat-thread | resource-processor] DEBUG : [Consumer clientId=consumer-resource-processor-2, groupId=resource-processor] Sending HEARTBEAT request with header RequestHeader(apiKey=HEARTBEAT, apiVersion=4, clientId=consumer-resource-processor-2, correlationId=225) and timeout 30000 to node 2147483647: HeartbeatRequestData(groupId='resource-processor', generationId=67, memberId='consumer-resource-processor-2-16c932bd-0945-4d88-ba6d-f602dc03f6ae', groupInstanceId=null)
2022-11-20 11:01:04 [kafka-coordinator-heartbeat-thread | resource-processor] DEBUG : [Consumer clientId=consumer-resource-processor-3, groupId=resource-processor] Sending HEARTBEAT request with header RequestHeader(apiKey=HEARTBEAT, apiVersion=4, clientId=consumer-resource-processor-3, correlationId=224) and timeout 30000 to node 2147483647: HeartbeatRequestData(groupId='resource-processor', generationId=67, memberId='consumer-resource-processor-3-569c436c-7dab-44b9-a29a-4ea3e3eecd6d', groupInstanceId=null)
2022-11-20 11:01:04 [org.springframework.kafka.KafkaListenerEndpointContainer#0-1-C-1] DEBUG : [Consumer clientId=consumer-resource-processor-2, groupId=resource-processor] Received HEARTBEAT response from node 2147483647 for request with header RequestHeader(apiKey=HEARTBEAT, apiVersion=4, clientId=consumer-resource-processor-2, correlationId=225): HeartbeatResponseData(throttleTimeMs=0, errorCode=0)
2022-11-20 11:01:04 [org.springframework.kafka.KafkaListenerEndpointContainer#0-2-C-1] DEBUG : [Consumer clientId=consumer-resource-processor-3, groupId=resource-processor] Received HEARTBEAT response from node 2147483647 for request with header RequestHeader(apiKey=HEARTBEAT, apiVersion=4, clientId=consumer-resource-processor-3, correlationId=224): HeartbeatResponseData(throttleTimeMs=0, errorCode=0)
2022-11-20 11:01:04 [org.springframework.kafka.KafkaListenerEndpointContainer#0-1-C-1] DEBUG : [Consumer clientId=consumer-resource-processor-2, groupId=resource-processor] Received successful Heartbeat response
2022-11-20 11:01:04 [org.springframework.kafka.KafkaListenerEndpointContainer#0-2-C-1] DEBUG : [Consumer clientId=consumer-resource-processor-3, groupId=resource-processor] Received successful Heartbeat response
2022-11-20 11:01:04 [SpringApplicationShutdownHook] DEBUG : Bean 'webServerStartStop' completed its stop procedure
2022-11-20 11:01:04 [SpringApplicationShutdownHook] DEBUG : Stopping beans in phase 2147483547
2022-11-20 11:01:04 [SpringApplicationShutdownHook] DEBUG : [Consumer clientId=consumer-resource-processor-1, groupId=resource-processor] Received user wakeup
2022-11-20 11:01:04 [org.springframework.kafka.KafkaListenerEndpointContainer#0-0-C-1] DEBUG : [Consumer clientId=consumer-resource-processor-1, groupId=resource-processor] Raising WakeupException in response to user wakeup
2022-11-20 11:01:04 [SpringApplicationShutdownHook] DEBUG : [Consumer clientId=consumer-resource-processor-2, groupId=resource-processor] Received user wakeup
2022-11-20 11:01:04 [org.springframework.kafka.KafkaListenerEndpointContainer#0-1-C-1] DEBUG : [Consumer clientId=consumer-resource-processor-2, groupId=resource-processor] Raising WakeupException in response to user wakeup
2022-11-20 11:01:04 [SpringApplicationShutdownHook] DEBUG : [Consumer clientId=consumer-resource-processor-3, groupId=resource-processor] Received user wakeup
2022-11-20 11:01:04 [org.springframework.kafka.KafkaListenerEndpointContainer#0-0-C-1] DEBUG : Commit list: {}
2022-11-20 11:01:04 [org.springframework.kafka.KafkaListenerEndpointContainer#0-0-C-1] DEBUG : [Consumer clientId=consumer-resource-processor-1, groupId=resource-processor] Executing onLeavePrepare with generation Generation{generationId=67, memberId='consumer-resource-processor-1-4b29556a-149b-4db3-aa62-a019fc21df2d', protocol='range'} and memberId consumer-resource-processor-1-4b29556a-149b-4db3-aa62-a019fc21df2d
2022-11-20 11:01:04 [org.springframework.kafka.KafkaListenerEndpointContainer#0-2-C-1] DEBUG : [Consumer clientId=consumer-resource-processor-3, groupId=resource-processor] Raising WakeupException in response to user wakeup
2022-11-20 11:01:04 [org.springframework.kafka.KafkaListenerEndpointContainer#0-0-C-1] INFO  : [Consumer clientId=consumer-resource-processor-1, groupId=resource-processor] Revoke previously assigned partitions resources-0
2022-11-20 11:01:04 [org.springframework.kafka.KafkaListenerEndpointContainer#0-2-C-1] DEBUG : Commit list: {}
2022-11-20 11:01:04 [org.springframework.kafka.KafkaListenerEndpointContainer#0-1-C-1] DEBUG : Commit list: {}
2022-11-20 11:01:04 [org.springframework.kafka.KafkaListenerEndpointContainer#0-2-C-1] DEBUG : [Consumer clientId=consumer-resource-processor-3, groupId=resource-processor] Executing onLeavePrepare with generation Generation{generationId=67, memberId='consumer-resource-processor-3-569c436c-7dab-44b9-a29a-4ea3e3eecd6d', protocol='range'} and memberId consumer-resource-processor-3-569c436c-7dab-44b9-a29a-4ea3e3eecd6d
2022-11-20 11:01:04 [org.springframework.kafka.KafkaListenerEndpointContainer#0-1-C-1] DEBUG : [Consumer clientId=consumer-resource-processor-2, groupId=resource-processor] Executing onLeavePrepare with generation Generation{generationId=67, memberId='consumer-resource-processor-2-16c932bd-0945-4d88-ba6d-f602dc03f6ae', protocol='range'} and memberId consumer-resource-processor-2-16c932bd-0945-4d88-ba6d-f602dc03f6ae
2022-11-20 11:01:04 [org.springframework.kafka.KafkaListenerEndpointContainer#0-2-C-1] INFO  : [Consumer clientId=consumer-resource-processor-3, groupId=resource-processor] Revoke previously assigned partitions resources-2
2022-11-20 11:01:04 [org.springframework.kafka.KafkaListenerEndpointContainer#0-1-C-1] INFO  : [Consumer clientId=consumer-resource-processor-2, groupId=resource-processor] Revoke previously assigned partitions resources-1
2022-11-20 11:01:04 [org.springframework.kafka.KafkaListenerEndpointContainer#0-0-C-1] INFO  : resource-processor: partitions revoked: [resources-0]
2022-11-20 11:01:04 [org.springframework.kafka.KafkaListenerEndpointContainer#0-2-C-1] INFO  : resource-processor: partitions revoked: [resources-2]
2022-11-20 11:01:04 [org.springframework.kafka.KafkaListenerEndpointContainer#0-0-C-1] DEBUG : Commit list: {}
2022-11-20 11:01:04 [org.springframework.kafka.KafkaListenerEndpointContainer#0-2-C-1] DEBUG : Commit list: {}
2022-11-20 11:01:04 [org.springframework.kafka.KafkaListenerEndpointContainer#0-1-C-1] INFO  : resource-processor: partitions revoked: [resources-1]
2022-11-20 11:01:04 [org.springframework.kafka.KafkaListenerEndpointContainer#0-1-C-1] DEBUG : Commit list: {}
2022-11-20 11:01:04 [org.springframework.kafka.KafkaListenerEndpointContainer#0-0-C-1] INFO  : [Consumer clientId=consumer-resource-processor-1, groupId=resource-processor] Member consumer-resource-processor-1-4b29556a-149b-4db3-aa62-a019fc21df2d sending LeaveGroup request to coordinator 192.168.1.104:9092 (id: 2147483647 rack: null) due to the consumer unsubscribed from all topics
2022-11-20 11:01:04 [org.springframework.kafka.KafkaListenerEndpointContainer#0-1-C-1] INFO  : [Consumer clientId=consumer-resource-processor-2, groupId=resource-processor] Member consumer-resource-processor-2-16c932bd-0945-4d88-ba6d-f602dc03f6ae sending LeaveGroup request to coordinator 192.168.1.104:9092 (id: 2147483647 rack: null) due to the consumer unsubscribed from all topics
2022-11-20 11:01:04 [org.springframework.kafka.KafkaListenerEndpointContainer#0-2-C-1] INFO  : [Consumer clientId=consumer-resource-processor-3, groupId=resource-processor] Member consumer-resource-processor-3-569c436c-7dab-44b9-a29a-4ea3e3eecd6d sending LeaveGroup request to coordinator 192.168.1.104:9092 (id: 2147483647 rack: null) due to the consumer unsubscribed from all topics
2022-11-20 11:01:04 [org.springframework.kafka.KafkaListenerEndpointContainer#0-0-C-1] DEBUG : [Consumer clientId=consumer-resource-processor-1, groupId=resource-processor] Sending LEAVE_GROUP request with header RequestHeader(apiKey=LEAVE_GROUP, apiVersion=4, clientId=consumer-resource-processor-1, correlationId=219) and timeout 30000 to node 2147483647: LeaveGroupRequestData(groupId='resource-processor', memberId='', members=[MemberIdentity(memberId='consumer-resource-processor-1-4b29556a-149b-4db3-aa62-a019fc21df2d', groupInstanceId=null)])
2022-11-20 11:01:04 [org.springframework.kafka.KafkaListenerEndpointContainer#0-1-C-1] DEBUG : [Consumer clientId=consumer-resource-processor-2, groupId=resource-processor] Sending LEAVE_GROUP request with header RequestHeader(apiKey=LEAVE_GROUP, apiVersion=4, clientId=consumer-resource-processor-2, correlationId=226) and timeout 30000 to node 2147483647: LeaveGroupRequestData(groupId='resource-processor', memberId='', members=[MemberIdentity(memberId='consumer-resource-processor-2-16c932bd-0945-4d88-ba6d-f602dc03f6ae', groupInstanceId=null)])
2022-11-20 11:01:04 [org.springframework.kafka.KafkaListenerEndpointContainer#0-2-C-1] DEBUG : [Consumer clientId=consumer-resource-processor-3, groupId=resource-processor] Sending LEAVE_GROUP request with header RequestHeader(apiKey=LEAVE_GROUP, apiVersion=4, clientId=consumer-resource-processor-3, correlationId=225) and timeout 30000 to node 2147483647: LeaveGroupRequestData(groupId='resource-processor', memberId='', members=[MemberIdentity(memberId='consumer-resource-processor-3-569c436c-7dab-44b9-a29a-4ea3e3eecd6d', groupInstanceId=null)])
2022-11-20 11:01:04 [org.springframework.kafka.KafkaListenerEndpointContainer#0-1-C-1] INFO  : [Consumer clientId=consumer-resource-processor-2, groupId=resource-processor] Resetting generation due to: consumer pro-actively leaving the group
2022-11-20 11:01:04 [org.springframework.kafka.KafkaListenerEndpointContainer#0-2-C-1] INFO  : [Consumer clientId=consumer-resource-processor-3, groupId=resource-processor] Resetting generation due to: consumer pro-actively leaving the group
2022-11-20 11:01:04 [org.springframework.kafka.KafkaListenerEndpointContainer#0-0-C-1] INFO  : [Consumer clientId=consumer-resource-processor-1, groupId=resource-processor] Resetting generation due to: consumer pro-actively leaving the group
2022-11-20 11:01:04 [org.springframework.kafka.KafkaListenerEndpointContainer#0-2-C-1] INFO  : [Consumer clientId=consumer-resource-processor-3, groupId=resource-processor] Request joining group due to: consumer pro-actively leaving the group
2022-11-20 11:01:04 [org.springframework.kafka.KafkaListenerEndpointContainer#0-1-C-1] INFO  : [Consumer clientId=consumer-resource-processor-2, groupId=resource-processor] Request joining group due to: consumer pro-actively leaving the group
2022-11-20 11:01:04 [org.springframework.kafka.KafkaListenerEndpointContainer#0-2-C-1] INFO  : [Consumer clientId=consumer-resource-processor-3, groupId=resource-processor] Unsubscribed all topics or patterns and assigned partitions
2022-11-20 11:01:04 [org.springframework.kafka.KafkaListenerEndpointContainer#0-1-C-1] INFO  : [Consumer clientId=consumer-resource-processor-2, groupId=resource-processor] Unsubscribed all topics or patterns and assigned partitions
2022-11-20 11:01:04 [org.springframework.kafka.KafkaListenerEndpointContainer#0-0-C-1] INFO  : [Consumer clientId=consumer-resource-processor-1, groupId=resource-processor] Request joining group due to: consumer pro-actively leaving the group
2022-11-20 11:01:04 [org.springframework.kafka.KafkaListenerEndpointContainer#0-1-C-1] DEBUG : Shutting down ExecutorService
2022-11-20 11:01:04 [org.springframework.kafka.KafkaListenerEndpointContainer#0-2-C-1] DEBUG : Shutting down ExecutorService
2022-11-20 11:01:04 [org.springframework.kafka.KafkaListenerEndpointContainer#0-0-C-1] INFO  : [Consumer clientId=consumer-resource-processor-1, groupId=resource-processor] Unsubscribed all topics or patterns and assigned partitions
2022-11-20 11:01:04 [org.springframework.kafka.KafkaListenerEndpointContainer#0-0-C-1] DEBUG : Shutting down ExecutorService
2022-11-20 11:01:04 [kafka-coordinator-heartbeat-thread | resource-processor] DEBUG : [Consumer clientId=consumer-resource-processor-3, groupId=resource-processor] Heartbeat thread has closed
2022-11-20 11:01:04 [kafka-coordinator-heartbeat-thread | resource-processor] DEBUG : [Consumer clientId=consumer-resource-processor-2, groupId=resource-processor] Heartbeat thread has closed
2022-11-20 11:01:04 [kafka-coordinator-heartbeat-thread | resource-processor] DEBUG : [Consumer clientId=consumer-resource-processor-1, groupId=resource-processor] Heartbeat thread has closed
2022-11-20 11:01:04 [org.springframework.kafka.KafkaListenerEndpointContainer#0-2-C-1] DEBUG : [Consumer clientId=consumer-resource-processor-3, groupId=resource-processor] Executing onLeavePrepare with generation Generation{generationId=-1, memberId='', protocol='null'} and memberId 
2022-11-20 11:01:04 [org.springframework.kafka.KafkaListenerEndpointContainer#0-2-C-1] INFO  : [Consumer clientId=consumer-resource-processor-3, groupId=resource-processor] Resetting generation due to: consumer pro-actively leaving the group
2022-11-20 11:01:04 [org.springframework.kafka.KafkaListenerEndpointContainer#0-2-C-1] INFO  : [Consumer clientId=consumer-resource-processor-3, groupId=resource-processor] Request joining group due to: consumer pro-actively leaving the group
2022-11-20 11:01:04 [org.springframework.kafka.KafkaListenerEndpointContainer#0-1-C-1] DEBUG : [Consumer clientId=consumer-resource-processor-2, groupId=resource-processor] Executing onLeavePrepare with generation Generation{generationId=-1, memberId='', protocol='null'} and memberId 
2022-11-20 11:01:04 [org.springframework.kafka.KafkaListenerEndpointContainer#0-0-C-1] DEBUG : [Consumer clientId=consumer-resource-processor-1, groupId=resource-processor] Executing onLeavePrepare with generation Generation{generationId=-1, memberId='', protocol='null'} and memberId 
2022-11-20 11:01:04 [org.springframework.kafka.KafkaListenerEndpointContainer#0-1-C-1] INFO  : [Consumer clientId=consumer-resource-processor-2, groupId=resource-processor] Resetting generation due to: consumer pro-actively leaving the group
2022-11-20 11:01:04 [org.springframework.kafka.KafkaListenerEndpointContainer#0-0-C-1] INFO  : [Consumer clientId=consumer-resource-processor-1, groupId=resource-processor] Resetting generation due to: consumer pro-actively leaving the group
2022-11-20 11:01:04 [org.springframework.kafka.KafkaListenerEndpointContainer#0-1-C-1] INFO  : [Consumer clientId=consumer-resource-processor-2, groupId=resource-processor] Request joining group due to: consumer pro-actively leaving the group
2022-11-20 11:01:04 [org.springframework.kafka.KafkaListenerEndpointContainer#0-0-C-1] INFO  : [Consumer clientId=consumer-resource-processor-1, groupId=resource-processor] Request joining group due to: consumer pro-actively leaving the group
2022-11-20 11:01:04 [org.springframework.kafka.KafkaListenerEndpointContainer#0-0-C-1] DEBUG : [Consumer clientId=consumer-resource-processor-1, groupId=resource-processor] Received LEAVE_GROUP response from node 2147483647 for request with header RequestHeader(apiKey=LEAVE_GROUP, apiVersion=4, clientId=consumer-resource-processor-1, correlationId=219): LeaveGroupResponseData(throttleTimeMs=0, errorCode=0, members=[MemberResponse(memberId='consumer-resource-processor-1-4b29556a-149b-4db3-aa62-a019fc21df2d', groupInstanceId=null, errorCode=0)])
2022-11-20 11:01:04 [org.springframework.kafka.KafkaListenerEndpointContainer#0-1-C-1] DEBUG : [Consumer clientId=consumer-resource-processor-2, groupId=resource-processor] Received LEAVE_GROUP response from node 2147483647 for request with header RequestHeader(apiKey=LEAVE_GROUP, apiVersion=4, clientId=consumer-resource-processor-2, correlationId=226): LeaveGroupResponseData(throttleTimeMs=0, errorCode=0, members=[MemberResponse(memberId='consumer-resource-processor-2-16c932bd-0945-4d88-ba6d-f602dc03f6ae', groupInstanceId=null, errorCode=0)])
2022-11-20 11:01:04 [org.springframework.kafka.KafkaListenerEndpointContainer#0-0-C-1] DEBUG : [Consumer clientId=consumer-resource-processor-1, groupId=resource-processor] LeaveGroup response with Generation{generationId=67, memberId='consumer-resource-processor-1-4b29556a-149b-4db3-aa62-a019fc21df2d', protocol='range'} returned successfully: ClientResponse(receivedTimeMs=1668924064230, latencyMs=3, disconnected=false, requestHeader=RequestHeader(apiKey=LEAVE_GROUP, apiVersion=4, clientId=consumer-resource-processor-1, correlationId=219), responseBody=LeaveGroupResponseData(throttleTimeMs=0, errorCode=0, members=[MemberResponse(memberId='consumer-resource-processor-1-4b29556a-149b-4db3-aa62-a019fc21df2d', groupInstanceId=null, errorCode=0)]))
2022-11-20 11:01:04 [org.springframework.kafka.KafkaListenerEndpointContainer#0-1-C-1] DEBUG : [Consumer clientId=consumer-resource-processor-2, groupId=resource-processor] LeaveGroup response with Generation{generationId=67, memberId='consumer-resource-processor-2-16c932bd-0945-4d88-ba6d-f602dc03f6ae', protocol='range'} returned successfully: ClientResponse(receivedTimeMs=1668924064231, latencyMs=4, disconnected=false, requestHeader=RequestHeader(apiKey=LEAVE_GROUP, apiVersion=4, clientId=consumer-resource-processor-2, correlationId=226), responseBody=LeaveGroupResponseData(throttleTimeMs=0, errorCode=0, members=[MemberResponse(memberId='consumer-resource-processor-2-16c932bd-0945-4d88-ba6d-f602dc03f6ae', groupInstanceId=null, errorCode=0)]))
2022-11-20 11:01:04 [org.springframework.kafka.KafkaListenerEndpointContainer#0-0-C-1] INFO  : Metrics scheduler closed
2022-11-20 11:01:04 [org.springframework.kafka.KafkaListenerEndpointContainer#0-1-C-1] INFO  : Metrics scheduler closed
2022-11-20 11:01:04 [org.springframework.kafka.KafkaListenerEndpointContainer#0-1-C-1] INFO  : Closing reporter org.apache.kafka.common.metrics.JmxReporter
2022-11-20 11:01:04 [org.springframework.kafka.KafkaListenerEndpointContainer#0-0-C-1] INFO  : Closing reporter org.apache.kafka.common.metrics.JmxReporter
2022-11-20 11:01:04 [org.springframework.kafka.KafkaListenerEndpointContainer#0-1-C-1] INFO  : Metrics reporters closed
2022-11-20 11:01:04 [org.springframework.kafka.KafkaListenerEndpointContainer#0-0-C-1] INFO  : Metrics reporters closed
2022-11-20 11:01:04 [org.springframework.kafka.KafkaListenerEndpointContainer#0-2-C-1] DEBUG : [Consumer clientId=consumer-resource-processor-3, groupId=resource-processor] Received LEAVE_GROUP response from node 2147483647 for request with header RequestHeader(apiKey=LEAVE_GROUP, apiVersion=4, clientId=consumer-resource-processor-3, correlationId=225): LeaveGroupResponseData(throttleTimeMs=0, errorCode=0, members=[MemberResponse(memberId='consumer-resource-processor-3-569c436c-7dab-44b9-a29a-4ea3e3eecd6d', groupInstanceId=null, errorCode=0)])
2022-11-20 11:01:04 [org.springframework.kafka.KafkaListenerEndpointContainer#0-2-C-1] DEBUG : [Consumer clientId=consumer-resource-processor-3, groupId=resource-processor] LeaveGroup response with Generation{generationId=67, memberId='consumer-resource-processor-3-569c436c-7dab-44b9-a29a-4ea3e3eecd6d', protocol='range'} returned successfully: ClientResponse(receivedTimeMs=1668924064233, latencyMs=6, disconnected=false, requestHeader=RequestHeader(apiKey=LEAVE_GROUP, apiVersion=4, clientId=consumer-resource-processor-3, correlationId=225), responseBody=LeaveGroupResponseData(throttleTimeMs=0, errorCode=0, members=[MemberResponse(memberId='consumer-resource-processor-3-569c436c-7dab-44b9-a29a-4ea3e3eecd6d', groupInstanceId=null, errorCode=0)]))
2022-11-20 11:01:04 [org.springframework.kafka.KafkaListenerEndpointContainer#0-2-C-1] INFO  : Metrics scheduler closed
2022-11-20 11:01:04 [org.springframework.kafka.KafkaListenerEndpointContainer#0-2-C-1] INFO  : Closing reporter org.apache.kafka.common.metrics.JmxReporter
2022-11-20 11:01:04 [org.springframework.kafka.KafkaListenerEndpointContainer#0-2-C-1] INFO  : Metrics reporters closed
2022-11-20 11:01:04 [org.springframework.kafka.KafkaListenerEndpointContainer#0-0-C-1] INFO  : App info kafka.consumer for consumer-resource-processor-1 unregistered
2022-11-20 11:01:04 [org.springframework.kafka.KafkaListenerEndpointContainer#0-0-C-1] DEBUG : [Consumer clientId=consumer-resource-processor-1, groupId=resource-processor] Kafka consumer has been closed
2022-11-20 11:01:04 [org.springframework.kafka.KafkaListenerEndpointContainer#0-0-C-1] INFO  : resource-processor: Consumer stopped
2022-11-20 11:01:04 [org.springframework.kafka.KafkaListenerEndpointContainer#0-1-C-1] INFO  : App info kafka.consumer for consumer-resource-processor-2 unregistered
2022-11-20 11:01:04 [org.springframework.kafka.KafkaListenerEndpointContainer#0-1-C-1] DEBUG : [Consumer clientId=consumer-resource-processor-2, groupId=resource-processor] Kafka consumer has been closed
2022-11-20 11:01:04 [org.springframework.kafka.KafkaListenerEndpointContainer#0-1-C-1] INFO  : resource-processor: Consumer stopped
2022-11-20 11:01:04 [org.springframework.kafka.KafkaListenerEndpointContainer#0-0-C-1] DEBUG : KafkaMessageListenerContainer [id=org.springframework.kafka.KafkaListenerEndpointContainer#0-0, clientIndex=-0, topicPartitions=[]] stopped normally
2022-11-20 11:01:04 [org.springframework.kafka.KafkaListenerEndpointContainer#0-2-C-1] INFO  : App info kafka.consumer for consumer-resource-processor-3 unregistered
2022-11-20 11:01:04 [org.springframework.kafka.KafkaListenerEndpointContainer#0-2-C-1] DEBUG : [Consumer clientId=consumer-resource-processor-3, groupId=resource-processor] Kafka consumer has been closed
2022-11-20 11:01:04 [org.springframework.kafka.KafkaListenerEndpointContainer#0-2-C-1] INFO  : resource-processor: Consumer stopped
2022-11-20 11:01:04 [org.springframework.kafka.KafkaListenerEndpointContainer#0-2-C-1] DEBUG : KafkaMessageListenerContainer [id=org.springframework.kafka.KafkaListenerEndpointContainer#0-2, clientIndex=-2, topicPartitions=[]] stopped normally
2022-11-20 11:01:04 [org.springframework.kafka.KafkaListenerEndpointContainer#0-1-C-1] DEBUG : KafkaMessageListenerContainer [id=org.springframework.kafka.KafkaListenerEndpointContainer#0-1, clientIndex=-1, topicPartitions=[]] stopped normally
2022-11-20 11:01:04 [org.springframework.kafka.KafkaListenerEndpointContainer#0-1-C-1] DEBUG : Bean 'org.springframework.kafka.config.internalKafkaListenerEndpointRegistry' completed its stop procedure
2022-11-20 11:01:04 [SpringApplicationShutdownHook] DEBUG : Stopping beans in phase -2147483647
2022-11-20 11:01:04 [SpringApplicationShutdownHook] DEBUG : Bean 'springBootLoggingLifecycle' completed its stop procedure
2022-11-20 11:01:04 [reactor-http-nio-4] DEBUG : [69858aa7, L:/127.0.0.1:53789 ! R:localhost/127.0.0.1:8091] onStateChange(PooledConnection{channel=[id: 0x69858aa7, L:/127.0.0.1:53789 ! R:localhost/127.0.0.1:8091]}, [disconnecting])
2022-11-20 11:01:04 [reactor-http-nio-3] DEBUG : [2bcdf76e, L:/127.0.0.1:53788 ! R:localhost/127.0.0.1:8090] onStateChange(PooledConnection{channel=[id: 0x2bcdf76e, L:/127.0.0.1:53788 ! R:localhost/127.0.0.1:8090]}, [disconnecting])
