2022-11-20 08:19:16 [main] DEBUG : [http] resources will use the default LoopResources: DefaultLoopResources {prefix=reactor-http, daemon=true, selectCount=8, workerCount=8}
2022-11-20 08:19:16 [main] DEBUG : [http] resources will use the default ConnectionProvider: reactor.netty.resources.DefaultPooledConnectionProvider@6ac0b715
2022-11-20 08:19:16 [main] DEBUG : Autowiring by type from bean name 'nettyReactiveWebServerFactory' via factory method to bean named 'reactorServerResourceFactory'
2022-11-20 08:19:16 [main] DEBUG : Creating shared instance of singleton bean 'reactiveWebServerFactoryCustomizer'
2022-11-20 08:19:16 [main] DEBUG : Creating shared instance of singleton bean 'org.springframework.boot.autoconfigure.web.reactive.ReactiveWebServerFactoryAutoConfiguration'
2022-11-20 08:19:16 [main] DEBUG : Creating shared instance of singleton bean 'server-org.springframework.boot.autoconfigure.web.ServerProperties'
2022-11-20 08:19:16 [main] DEBUG : Creating shared instance of singleton bean 'org.springframework.boot.context.properties.BoundConfigurationProperties'
2022-11-20 08:19:16 [main] DEBUG : Autowiring by type from bean name 'reactiveWebServerFactoryCustomizer' via factory method to bean named 'server-org.springframework.boot.autoconfigure.web.ServerProperties'
2022-11-20 08:19:16 [main] DEBUG : Creating shared instance of singleton bean 'nettyWebServerFactoryCustomizer'
2022-11-20 08:19:16 [main] DEBUG : Creating shared instance of singleton bean 'org.springframework.boot.autoconfigure.web.embedded.EmbeddedWebServerFactoryCustomizerAutoConfiguration$NettyWebServerFactoryCustomizerConfiguration'
2022-11-20 08:19:16 [main] DEBUG : Autowiring by type from bean name 'nettyWebServerFactoryCustomizer' via factory method to bean named 'environment'
2022-11-20 08:19:16 [main] DEBUG : Autowiring by type from bean name 'nettyWebServerFactoryCustomizer' via factory method to bean named 'server-org.springframework.boot.autoconfigure.web.ServerProperties'
2022-11-20 08:19:16 [main] DEBUG : -Dio.netty.threadLocalMap.stringBuilder.initialSize: 1024
2022-11-20 08:19:16 [main] DEBUG : -Dio.netty.threadLocalMap.stringBuilder.maxSize: 4096
2022-11-20 08:19:16 [main] DEBUG : -Dio.netty.leakDetection.level: simple
2022-11-20 08:19:16 [main] DEBUG : -Dio.netty.leakDetection.targetRecords: 4
2022-11-20 08:19:16 [main] DEBUG : Creating shared instance of singleton bean 'resourceProcessorApplication'
2022-11-20 08:19:16 [main] DEBUG : Creating shared instance of singleton bean 'kafkaConfiguration'
2022-11-20 08:19:16 [main] DEBUG : Found key 'kafka.bootstrap-servers' in PropertySource 'environmentProperties' with value of type String
2022-11-20 08:19:16 [main] DEBUG : Found key 'kafka.consumer.concurrency' in PropertySource 'environmentProperties' with value of type String
2022-11-20 08:19:16 [main] DEBUG : Creating shared instance of singleton bean 'resourceServiceClientConfiguration'
2022-11-20 08:19:16 [main] DEBUG : Found key 'resource-service.endpoint' in PropertySource 'environmentProperties' with value of type String
2022-11-20 08:19:16 [main] DEBUG : Found key 'web-client.connection.timeout' in PropertySource 'environmentProperties' with value of type String
2022-11-20 08:19:16 [main] DEBUG : Found key 'web-client.response.timeout' in PropertySource 'environmentProperties' with value of type String
2022-11-20 08:19:16 [main] DEBUG : Found key 'web-client.read.timeout' in PropertySource 'environmentProperties' with value of type String
2022-11-20 08:19:16 [main] DEBUG : Found key 'web-client.write.timeout' in PropertySource 'environmentProperties' with value of type String
2022-11-20 08:19:16 [main] DEBUG : Creating shared instance of singleton bean 'songServiceClientConfiguration'
2022-11-20 08:19:16 [main] DEBUG : Found key 'song-service.endpoint' in PropertySource 'environmentProperties' with value of type String
2022-11-20 08:19:16 [main] DEBUG : Found key 'web-client.connection.timeout' in PropertySource 'environmentProperties' with value of type String
2022-11-20 08:19:16 [main] DEBUG : Found key 'web-client.response.timeout' in PropertySource 'environmentProperties' with value of type String
2022-11-20 08:19:16 [main] DEBUG : Found key 'web-client.read.timeout' in PropertySource 'environmentProperties' with value of type String
2022-11-20 08:19:16 [main] DEBUG : Found key 'web-client.write.timeout' in PropertySource 'environmentProperties' with value of type String
2022-11-20 08:19:16 [main] DEBUG : Creating shared instance of singleton bean 'kafkaManager'
2022-11-20 08:19:16 [main] DEBUG : Creating shared instance of singleton bean 'resourceProcessorService'
2022-11-20 08:19:16 [main] DEBUG : Creating shared instance of singleton bean 'resourceRecordValidator'
2022-11-20 08:19:16 [main] DEBUG : Creating shared instance of singleton bean 'resourceServiceClient'
2022-11-20 08:19:16 [main] DEBUG : Creating shared instance of singleton bean 'songServiceClient'
2022-11-20 08:19:16 [main] DEBUG : Autowiring by type from bean name 'resourceProcessorService' via constructor to bean named 'resourceRecordValidator'
2022-11-20 08:19:16 [main] DEBUG : Autowiring by type from bean name 'resourceProcessorService' via constructor to bean named 'resourceServiceClient'
2022-11-20 08:19:16 [main] DEBUG : Autowiring by type from bean name 'resourceProcessorService' via constructor to bean named 'songServiceClient'
2022-11-20 08:19:16 [main] DEBUG : Autowiring by type from bean name 'kafkaManager' via constructor to bean named 'resourceProcessorService'
2022-11-20 08:19:16 [main] DEBUG : No retry topic configuration found for topics [resources]
2022-11-20 08:19:16 [main] DEBUG : 1 @KafkaListener methods processed on bean 'kafkaManager': {public void com.epam.training.microservicefoundation.resourceprocessor.service.KafkaManager.listen(com.epam.training.microservicefoundation.resourceprocessor.domain.ResourceRecord,org.springframework.kafka.support.Acknowledgment)=[@org.springframework.kafka.annotation.KafkaListener(topicPattern="", beanRef="__listener", containerFactory="", contentTypeConverter="", topics={"resources"}, groupId="", batch="", topicPartitions={}, clientIdPrefix="", splitIterables=true, concurrency="", autoStartup="", filter="", idIsGroup=true, containerGroup="", errorHandler="", id="", properties={}, info="")]}
2022-11-20 08:19:16 [main] DEBUG : Creating shared instance of singleton bean 'deserializer'
2022-11-20 08:19:16 [main] DEBUG : Creating shared instance of singleton bean 'kafkaListenerContainerFactory'
2022-11-20 08:19:16 [main] DEBUG : Creating shared instance of singleton bean 'org.springframework.kafka.config.internalKafkaListenerEndpointRegistry'
2022-11-20 08:19:16 [main] DEBUG : Creating shared instance of singleton bean 'org.springframework.boot.autoconfigure.AutoConfigurationPackages'
2022-11-20 08:19:16 [main] DEBUG : Creating shared instance of singleton bean 'org.springframework.boot.autoconfigure.context.PropertyPlaceholderAutoConfiguration'
2022-11-20 08:19:16 [main] DEBUG : Creating shared instance of singleton bean 'org.springframework.boot.context.properties.EnableConfigurationPropertiesRegistrar.methodValidationExcludeFilter'
2022-11-20 08:19:16 [main] DEBUG : Creating shared instance of singleton bean 'org.springframework.boot.autoconfigure.jackson.JacksonAutoConfiguration$Jackson2ObjectMapperBuilderCustomizerConfiguration'
2022-11-20 08:19:16 [main] DEBUG : Creating shared instance of singleton bean 'standardJacksonObjectMapperBuilderCustomizer'
2022-11-20 08:19:16 [main] DEBUG : Creating shared instance of singleton bean 'spring.jackson-org.springframework.boot.autoconfigure.jackson.JacksonProperties'
2022-11-20 08:19:16 [main] DEBUG : Autowiring by type from bean name 'standardJacksonObjectMapperBuilderCustomizer' via factory method to bean named 'org.springframework.boot.web.reactive.context.AnnotationConfigReactiveWebServerApplicationContext@4097cac'
2022-11-20 08:19:16 [main] DEBUG : Autowiring by type from bean name 'standardJacksonObjectMapperBuilderCustomizer' via factory method to bean named 'spring.jackson-org.springframework.boot.autoconfigure.jackson.JacksonProperties'
2022-11-20 08:19:16 [main] DEBUG : Creating shared instance of singleton bean 'org.springframework.boot.autoconfigure.jackson.JacksonAutoConfiguration$JacksonObjectMapperBuilderConfiguration'
2022-11-20 08:19:16 [main] DEBUG : Creating shared instance of singleton bean 'org.springframework.boot.autoconfigure.jackson.JacksonAutoConfiguration$ParameterNamesModuleConfiguration'
2022-11-20 08:19:16 [main] DEBUG : Creating shared instance of singleton bean 'parameterNamesModule'
2022-11-20 08:19:16 [main] DEBUG : Creating shared instance of singleton bean 'org.springframework.boot.autoconfigure.jackson.JacksonAutoConfiguration$JacksonObjectMapperConfiguration'
2022-11-20 08:19:16 [main] DEBUG : Creating shared instance of singleton bean 'jacksonObjectMapper'
2022-11-20 08:19:16 [main] DEBUG : Autowiring by type from bean name 'jacksonObjectMapperBuilder' via factory method to bean named 'org.springframework.boot.web.reactive.context.AnnotationConfigReactiveWebServerApplicationContext@4097cac'
2022-11-20 08:19:16 [main] DEBUG : Autowiring by type from bean name 'jacksonObjectMapperBuilder' via factory method to bean named 'standardJacksonObjectMapperBuilderCustomizer'
2022-11-20 08:19:16 [main] DEBUG : Creating shared instance of singleton bean 'jsonComponentModule'
2022-11-20 08:19:16 [main] DEBUG : Creating shared instance of singleton bean 'org.springframework.boot.autoconfigure.jackson.JacksonAutoConfiguration'
2022-11-20 08:19:16 [main] DEBUG : Creating shared instance of singleton bean 'jsonMixinModule'
2022-11-20 08:19:16 [main] DEBUG : Autowiring by type from bean name 'jsonMixinModule' via factory method to bean named 'org.springframework.boot.web.reactive.context.AnnotationConfigReactiveWebServerApplicationContext@4097cac'
2022-11-20 08:19:16 [main] DEBUG : @EnableAutoConfiguration was declared on a class in the package 'com.epam.training.microservicefoundation.resourceprocessor'. Automatic @Repository and @Entity scanning is enabled.
2022-11-20 08:19:16 [main] DEBUG : Autowiring by type from bean name 'jacksonObjectMapper' via factory method to bean named 'jacksonObjectMapperBuilder'
2022-11-20 08:19:16 [main] DEBUG : Creating shared instance of singleton bean 'org.springframework.boot.autoconfigure.http.codec.CodecsAutoConfiguration$DefaultCodecsConfiguration'
2022-11-20 08:19:16 [main] DEBUG : Creating shared instance of singleton bean 'defaultCodecCustomizer'
2022-11-20 08:19:16 [main] DEBUG : Creating shared instance of singleton bean 'spring.codec-org.springframework.boot.autoconfigure.codec.CodecProperties'
2022-11-20 08:19:16 [main] DEBUG : Autowiring by type from bean name 'defaultCodecCustomizer' via factory method to bean named 'spring.codec-org.springframework.boot.autoconfigure.codec.CodecProperties'
2022-11-20 08:19:16 [main] DEBUG : Creating shared instance of singleton bean 'org.springframework.boot.autoconfigure.http.codec.CodecsAutoConfiguration$JacksonCodecConfiguration'
2022-11-20 08:19:16 [main] DEBUG : Creating shared instance of singleton bean 'jacksonCodecCustomizer'
2022-11-20 08:19:16 [main] DEBUG : Autowiring by type from bean name 'jacksonCodecCustomizer' via factory method to bean named 'jacksonObjectMapper'
2022-11-20 08:19:16 [main] DEBUG : Creating shared instance of singleton bean 'org.springframework.boot.autoconfigure.http.codec.CodecsAutoConfiguration'
2022-11-20 08:19:16 [main] DEBUG : Creating shared instance of singleton bean 'org.springframework.boot.autoconfigure.web.reactive.ReactiveMultipartAutoConfiguration'
2022-11-20 08:19:16 [main] DEBUG : Creating shared instance of singleton bean 'defaultPartHttpMessageReaderCustomizer'
2022-11-20 08:19:16 [main] DEBUG : Creating shared instance of singleton bean 'spring.webflux.multipart-org.springframework.boot.autoconfigure.web.reactive.ReactiveMultipartProperties'
2022-11-20 08:19:16 [main] DEBUG : Autowiring by type from bean name 'defaultPartHttpMessageReaderCustomizer' via factory method to bean named 'spring.webflux.multipart-org.springframework.boot.autoconfigure.web.reactive.ReactiveMultipartProperties'
2022-11-20 08:19:16 [main] DEBUG : Creating shared instance of singleton bean 'org.springframework.boot.autoconfigure.web.reactive.WebSessionIdResolverAutoConfiguration'
2022-11-20 08:19:16 [main] DEBUG : Creating shared instance of singleton bean 'spring.webflux-org.springframework.boot.autoconfigure.web.reactive.WebFluxProperties'
2022-11-20 08:19:16 [main] DEBUG : Autowiring by type from bean name 'org.springframework.boot.autoconfigure.web.reactive.WebSessionIdResolverAutoConfiguration' via constructor to bean named 'server-org.springframework.boot.autoconfigure.web.ServerProperties'
2022-11-20 08:19:16 [main] DEBUG : Autowiring by type from bean name 'org.springframework.boot.autoconfigure.web.reactive.WebSessionIdResolverAutoConfiguration' via constructor to bean named 'spring.webflux-org.springframework.boot.autoconfigure.web.reactive.WebFluxProperties'
2022-11-20 08:19:16 [main] DEBUG : Creating shared instance of singleton bean 'webSessionIdResolver'
2022-11-20 08:19:16 [main] DEBUG : Creating shared instance of singleton bean 'org.springframework.boot.autoconfigure.web.reactive.error.ErrorWebFluxAutoConfiguration'
2022-11-20 08:19:16 [main] DEBUG : Autowiring by type from bean name 'org.springframework.boot.autoconfigure.web.reactive.error.ErrorWebFluxAutoConfiguration' via constructor to bean named 'server-org.springframework.boot.autoconfigure.web.ServerProperties'
2022-11-20 08:19:16 [main] DEBUG : Creating shared instance of singleton bean 'errorWebExceptionHandler'
2022-11-20 08:19:16 [main] DEBUG : Creating shared instance of singleton bean 'errorAttributes'
2022-11-20 08:19:16 [main] DEBUG : Creating shared instance of singleton bean 'spring.web-org.springframework.boot.autoconfigure.web.WebProperties'
2022-11-20 08:19:16 [main] DEBUG : Creating shared instance of singleton bean 'serverCodecConfigurer'
2022-11-20 08:19:16 [main] DEBUG : Creating shared instance of singleton bean 'org.springframework.boot.autoconfigure.web.reactive.WebFluxAutoConfiguration$EnableWebFluxConfiguration'
2022-11-20 08:19:16 [main] DEBUG : Autowiring by type from bean name 'org.springframework.boot.autoconfigure.web.reactive.WebFluxAutoConfiguration$EnableWebFluxConfiguration' via constructor to bean named 'spring.webflux-org.springframework.boot.autoconfigure.web.reactive.WebFluxProperties'
2022-11-20 08:19:16 [main] DEBUG : Autowiring by type from bean name 'org.springframework.boot.autoconfigure.web.reactive.WebFluxAutoConfiguration$EnableWebFluxConfiguration' via constructor to bean named 'spring.web-org.springframework.boot.autoconfigure.web.WebProperties'
2022-11-20 08:19:16 [main] DEBUG : Autowiring by type from bean name 'org.springframework.boot.autoconfigure.web.reactive.WebFluxAutoConfiguration$EnableWebFluxConfiguration' via constructor to bean named 'server-org.springframework.boot.autoconfigure.web.ServerProperties'
2022-11-20 08:19:16 [main] DEBUG : Creating shared instance of singleton bean 'org.springframework.boot.autoconfigure.web.reactive.WebFluxAutoConfiguration$WebFluxConfig'
2022-11-20 08:19:16 [main] DEBUG : Autowiring by type from bean name 'org.springframework.boot.autoconfigure.web.reactive.WebFluxAutoConfiguration$WebFluxConfig' via constructor to bean named 'spring.web-org.springframework.boot.autoconfigure.web.WebProperties'
2022-11-20 08:19:16 [main] DEBUG : Autowiring by type from bean name 'org.springframework.boot.autoconfigure.web.reactive.WebFluxAutoConfiguration$WebFluxConfig' via constructor to bean named 'spring.webflux-org.springframework.boot.autoconfigure.web.reactive.WebFluxProperties'
2022-11-20 08:19:16 [main] DEBUG : Autowiring by type from bean name 'org.springframework.boot.autoconfigure.web.reactive.WebFluxAutoConfiguration$WebFluxConfig' via constructor to bean named 'org.springframework.beans.factory.support.DefaultListableBeanFactory@1d1f7216'
2022-11-20 08:19:16 [main] DEBUG : Autowiring by type from bean name 'errorWebExceptionHandler' via factory method to bean named 'errorAttributes'
2022-11-20 08:19:16 [main] DEBUG : Autowiring by type from bean name 'errorWebExceptionHandler' via factory method to bean named 'spring.web-org.springframework.boot.autoconfigure.web.WebProperties'
2022-11-20 08:19:16 [main] DEBUG : Autowiring by type from bean name 'errorWebExceptionHandler' via factory method to bean named 'serverCodecConfigurer'
2022-11-20 08:19:16 [main] DEBUG : Autowiring by type from bean name 'errorWebExceptionHandler' via factory method to bean named 'org.springframework.boot.web.reactive.context.AnnotationConfigReactiveWebServerApplicationContext@4097cac'
2022-11-20 08:19:16 [main] DEBUG : Creating shared instance of singleton bean 'webFluxConversionService'
2022-11-20 08:19:16 [main] DEBUG : Creating shared instance of singleton bean 'webFluxValidator'
2022-11-20 08:19:16 [main] DEBUG : Creating shared instance of singleton bean 'localeContextResolver'
2022-11-20 08:19:16 [main] DEBUG : Creating shared instance of singleton bean 'webSessionManager'
2022-11-20 08:19:16 [main] DEBUG : Creating shared instance of singleton bean 'webHandler'
2022-11-20 08:19:16 [main] DEBUG : Creating shared instance of singleton bean 'requestMappingHandlerMapping'
2022-11-20 08:19:16 [main] DEBUG : Creating shared instance of singleton bean 'webFluxContentTypeResolver'
2022-11-20 08:19:16 [main] DEBUG : Autowiring by type from bean name 'requestMappingHandlerMapping' via factory method to bean named 'webFluxContentTypeResolver'
2022-11-20 08:19:16 [main] DEBUG : Creating shared instance of singleton bean 'routerFunctionMapping'
2022-11-20 08:19:16 [main] DEBUG : Autowiring by type from bean name 'routerFunctionMapping' via factory method to bean named 'serverCodecConfigurer'
2022-11-20 08:19:16 [main] DEBUG : Creating shared instance of singleton bean 'resourceHandlerMapping'
2022-11-20 08:19:16 [main] DEBUG : Creating shared instance of singleton bean 'resourceUrlProvider'
2022-11-20 08:19:16 [main] DEBUG : Autowiring by type from bean name 'resourceHandlerMapping' via factory method to bean named 'resourceUrlProvider'
2022-11-20 08:19:16 [main] DEBUG : 'resourceHandlerMapping' {/webjars/**=ResourceWebHandler [classpath [META-INF/resources/webjars/]], /**=ResourceWebHandler [classpath [META-INF/resources/], classpath [resources/], classpath [static/], classpath [public/]]}
2022-11-20 08:19:16 [main] DEBUG : Creating shared instance of singleton bean 'welcomePageRouterFunctionMapping'
2022-11-20 08:19:16 [main] DEBUG : Creating shared instance of singleton bean 'org.springframework.boot.autoconfigure.web.reactive.WebFluxAutoConfiguration$WelcomePageConfiguration'
2022-11-20 08:19:16 [main] DEBUG : Autowiring by type from bean name 'welcomePageRouterFunctionMapping' via factory method to bean named 'org.springframework.boot.web.reactive.context.AnnotationConfigReactiveWebServerApplicationContext@4097cac'
2022-11-20 08:19:16 [main] DEBUG : Autowiring by type from bean name 'welcomePageRouterFunctionMapping' via factory method to bean named 'spring.webflux-org.springframework.boot.autoconfigure.web.reactive.WebFluxProperties'
2022-11-20 08:19:16 [main] DEBUG : Autowiring by type from bean name 'welcomePageRouterFunctionMapping' via factory method to bean named 'spring.web-org.springframework.boot.autoconfigure.web.WebProperties'
2022-11-20 08:19:16 [main] DEBUG : Creating shared instance of singleton bean 'requestMappingHandlerAdapter'
2022-11-20 08:19:16 [main] DEBUG : Creating shared instance of singleton bean 'webFluxAdapterRegistry'
2022-11-20 08:19:16 [main] DEBUG : Autowiring by type from bean name 'requestMappingHandlerAdapter' via factory method to bean named 'webFluxAdapterRegistry'
2022-11-20 08:19:16 [main] DEBUG : Autowiring by type from bean name 'requestMappingHandlerAdapter' via factory method to bean named 'serverCodecConfigurer'
2022-11-20 08:19:16 [main] DEBUG : Autowiring by type from bean name 'requestMappingHandlerAdapter' via factory method to bean named 'webFluxConversionService'
2022-11-20 08:19:16 [main] DEBUG : Autowiring by type from bean name 'requestMappingHandlerAdapter' via factory method to bean named 'webFluxValidator'
2022-11-20 08:19:16 [main] DEBUG : ControllerAdvice beans: none
2022-11-20 08:19:16 [main] DEBUG : Creating shared instance of singleton bean 'handlerFunctionAdapter'
2022-11-20 08:19:16 [main] DEBUG : Creating shared instance of singleton bean 'simpleHandlerAdapter'
2022-11-20 08:19:16 [main] DEBUG : Creating shared instance of singleton bean 'webFluxWebSocketHandlerAdapter'
2022-11-20 08:19:16 [main] DEBUG : Creating shared instance of singleton bean 'responseEntityResultHandler'
2022-11-20 08:19:16 [main] DEBUG : Autowiring by type from bean name 'responseEntityResultHandler' via factory method to bean named 'webFluxAdapterRegistry'
2022-11-20 08:19:16 [main] DEBUG : Autowiring by type from bean name 'responseEntityResultHandler' via factory method to bean named 'serverCodecConfigurer'
2022-11-20 08:19:16 [main] DEBUG : Autowiring by type from bean name 'responseEntityResultHandler' via factory method to bean named 'webFluxContentTypeResolver'
2022-11-20 08:19:16 [main] DEBUG : Creating shared instance of singleton bean 'responseBodyResultHandler'
2022-11-20 08:19:16 [main] DEBUG : Autowiring by type from bean name 'responseBodyResultHandler' via factory method to bean named 'webFluxAdapterRegistry'
2022-11-20 08:19:16 [main] DEBUG : Autowiring by type from bean name 'responseBodyResultHandler' via factory method to bean named 'serverCodecConfigurer'
2022-11-20 08:19:16 [main] DEBUG : Autowiring by type from bean name 'responseBodyResultHandler' via factory method to bean named 'webFluxContentTypeResolver'
2022-11-20 08:19:16 [main] DEBUG : Creating shared instance of singleton bean 'viewResolutionResultHandler'
2022-11-20 08:19:16 [main] DEBUG : Autowiring by type from bean name 'viewResolutionResultHandler' via factory method to bean named 'webFluxAdapterRegistry'
2022-11-20 08:19:16 [main] DEBUG : Autowiring by type from bean name 'viewResolutionResultHandler' via factory method to bean named 'webFluxContentTypeResolver'
2022-11-20 08:19:16 [main] DEBUG : Creating shared instance of singleton bean 'serverResponseResultHandler'
2022-11-20 08:19:16 [main] DEBUG : Autowiring by type from bean name 'serverResponseResultHandler' via factory method to bean named 'serverCodecConfigurer'
2022-11-20 08:19:16 [main] DEBUG : Creating shared instance of singleton bean 'responseStatusExceptionHandler'
2022-11-20 08:19:16 [main] DEBUG : Creating shared instance of singleton bean 'org.springframework.boot.autoconfigure.web.reactive.WebFluxAutoConfiguration'
2022-11-20 08:19:16 [main] DEBUG : Creating shared instance of singleton bean 'org.springframework.boot.autoconfigure.web.reactive.HttpHandlerAutoConfiguration$AnnotationConfig'
2022-11-20 08:19:16 [main] DEBUG : Autowiring by type from bean name 'org.springframework.boot.autoconfigure.web.reactive.HttpHandlerAutoConfiguration$AnnotationConfig' via constructor to bean named 'org.springframework.boot.web.reactive.context.AnnotationConfigReactiveWebServerApplicationContext@4097cac'
2022-11-20 08:19:16 [main] DEBUG : Creating shared instance of singleton bean 'httpHandler'
2022-11-20 08:19:16 [main] DEBUG : enableLoggingRequestDetails='false': form data and headers will be masked to prevent unsafe logging of potentially sensitive data
2022-11-20 08:19:16 [main] DEBUG : Creating shared instance of singleton bean 'org.springframework.boot.autoconfigure.web.reactive.HttpHandlerAutoConfiguration'
2022-11-20 08:19:16 [main] DEBUG : Creating shared instance of singleton bean 'org.springframework.boot.autoconfigure.aop.AopAutoConfiguration$ClassProxyingConfiguration'
2022-11-20 08:19:16 [main] DEBUG : Creating shared instance of singleton bean 'org.springframework.boot.autoconfigure.aop.AopAutoConfiguration'
2022-11-20 08:19:16 [main] DEBUG : Creating shared instance of singleton bean 'org.springframework.boot.autoconfigure.availability.ApplicationAvailabilityAutoConfiguration'
2022-11-20 08:19:16 [main] DEBUG : Creating shared instance of singleton bean 'applicationAvailability'
2022-11-20 08:19:16 [main] DEBUG : Creating shared instance of singleton bean 'org.springframework.boot.autoconfigure.context.ConfigurationPropertiesAutoConfiguration'
2022-11-20 08:19:16 [main] DEBUG : Creating shared instance of singleton bean 'org.springframework.boot.autoconfigure.context.LifecycleAutoConfiguration'
2022-11-20 08:19:16 [main] DEBUG : Creating shared instance of singleton bean 'lifecycleProcessor'
2022-11-20 08:19:16 [main] DEBUG : Creating shared instance of singleton bean 'spring.lifecycle-org.springframework.boot.autoconfigure.context.LifecycleProperties'
2022-11-20 08:19:16 [main] DEBUG : Autowiring by type from bean name 'lifecycleProcessor' via factory method to bean named 'spring.lifecycle-org.springframework.boot.autoconfigure.context.LifecycleProperties'
2022-11-20 08:19:16 [main] DEBUG : Creating shared instance of singleton bean 'org.springframework.boot.autoconfigure.dao.PersistenceExceptionTranslationAutoConfiguration'
2022-11-20 08:19:16 [main] DEBUG : Creating shared instance of singleton bean 'org.springframework.boot.autoconfigure.info.ProjectInfoAutoConfiguration'
2022-11-20 08:19:16 [main] DEBUG : Creating shared instance of singleton bean 'spring.info-org.springframework.boot.autoconfigure.info.ProjectInfoProperties'
2022-11-20 08:19:16 [main] DEBUG : Autowiring by type from bean name 'org.springframework.boot.autoconfigure.info.ProjectInfoAutoConfiguration' via constructor to bean named 'spring.info-org.springframework.boot.autoconfigure.info.ProjectInfoProperties'
2022-11-20 08:19:16 [main] DEBUG : Creating shared instance of singleton bean 'org.springframework.boot.autoconfigure.kafka.KafkaAnnotationDrivenConfiguration'
2022-11-20 08:19:16 [main] DEBUG : Creating shared instance of singleton bean 'spring.kafka-org.springframework.boot.autoconfigure.kafka.KafkaProperties'
2022-11-20 08:19:16 [main] DEBUG : Autowiring by type from bean name 'org.springframework.boot.autoconfigure.kafka.KafkaAnnotationDrivenConfiguration' via constructor to bean named 'spring.kafka-org.springframework.boot.autoconfigure.kafka.KafkaProperties'
2022-11-20 08:19:16 [main] DEBUG : Creating shared instance of singleton bean 'kafkaTemplate'
2022-11-20 08:19:16 [main] DEBUG : Creating shared instance of singleton bean 'org.springframework.boot.autoconfigure.kafka.KafkaAutoConfiguration'
2022-11-20 08:19:16 [main] DEBUG : Autowiring by type from bean name 'org.springframework.boot.autoconfigure.kafka.KafkaAutoConfiguration' via constructor to bean named 'spring.kafka-org.springframework.boot.autoconfigure.kafka.KafkaProperties'
2022-11-20 08:19:16 [main] DEBUG : Creating shared instance of singleton bean 'kafkaProducerFactory'
